[2021-04-28 11:43:21.333] [exthost] [info] extension host started
[2021-04-28 11:43:22.451] [exthost] [info] ExtensionService#_doActivateExtension vscode.debug-auto-launch {"startup":true,"extensionId":{"value":"vscode.debug-auto-launch","_lower":"vscode.debug-auto-launch"},"activationEvent":"*"}
[2021-04-28 11:43:22.452] [exthost] [info] ExtensionService#loadCommonJSModule file:///opt/odoo/.vscode-server/bin/3c4e3df9e89829dce27b7b5c24508306b151f30d/extensions/debug-auto-launch/dist/extension
[2021-04-28 11:43:22.461] [exthost] [info] ExtensionService#_doActivateExtension vscode.git {"startup":true,"extensionId":{"value":"vscode.github","_lower":"vscode.github"},"activationEvent":"*"}
[2021-04-28 11:43:22.461] [exthost] [info] ExtensionService#loadCommonJSModule file:///opt/odoo/.vscode-server/bin/3c4e3df9e89829dce27b7b5c24508306b151f30d/extensions/git/dist/main
[2021-04-28 11:43:22.562] [exthost] [info] ExtensionService#_doActivateExtension ecmel.vscode-html-css {"startup":true,"extensionId":{"value":"ecmel.vscode-html-css","_lower":"ecmel.vscode-html-css"},"activationEvent":"*"}
[2021-04-28 11:43:22.562] [exthost] [info] ExtensionService#loadCommonJSModule file:///opt/odoo/.vscode-server/extensions/ecmel.vscode-html-css-1.10.2/dist/extension.js
[2021-04-28 11:43:22.651] [exthost] [info] ExtensionService#_doActivateExtension jigar-patel.OdooSnippets {"startup":true,"extensionId":{"value":"jigar-patel.OdooSnippets","_lower":"jigar-patel.odoosnippets"},"activationEvent":"*"}
[2021-04-28 11:43:22.651] [exthost] [info] ExtensionService#loadCommonJSModule file:///opt/odoo/.vscode-server/extensions/jigar-patel.odoosnippets-1.2.0/extension.js
[2021-04-28 11:43:23.096] [exthost] [info] ExtensionService#_doActivateExtension vscode.configuration-editing {"startup":false,"extensionId":{"value":"vscode.configuration-editing","_lower":"vscode.configuration-editing"},"activationEvent":"onLanguage:json"}
[2021-04-28 11:43:23.096] [exthost] [info] ExtensionService#loadCommonJSModule file:///opt/odoo/.vscode-server/bin/3c4e3df9e89829dce27b7b5c24508306b151f30d/extensions/configuration-editing/dist/configurationEditingMain
[2021-04-28 11:43:23.104] [exthost] [info] ExtensionService#_doActivateExtension vscode.extension-editing {"startup":false,"extensionId":{"value":"vscode.extension-editing","_lower":"vscode.extension-editing"},"activationEvent":"onLanguage:json"}
[2021-04-28 11:43:23.105] [exthost] [info] ExtensionService#loadCommonJSModule file:///opt/odoo/.vscode-server/bin/3c4e3df9e89829dce27b7b5c24508306b151f30d/extensions/extension-editing/dist/extensionEditingMain
[2021-04-28 11:43:23.126] [exthost] [info] ExtensionService#_doActivateExtension vscode.json-language-features {"startup":false,"extensionId":{"value":"vscode.json-language-features","_lower":"vscode.json-language-features"},"activationEvent":"onLanguage:json"}
[2021-04-28 11:43:23.126] [exthost] [info] ExtensionService#loadCommonJSModule file:///opt/odoo/.vscode-server/bin/3c4e3df9e89829dce27b7b5c24508306b151f30d/extensions/json-language-features/client/dist/node/jsonClientMain
[2021-04-28 11:43:23.216] [exthost] [info] ExtensionService#_doActivateExtension vscode.npm {"startup":false,"extensionId":{"value":"vscode.npm","_lower":"vscode.npm"},"activationEvent":"onLanguage:json"}
[2021-04-28 11:43:23.216] [exthost] [info] ExtensionService#loadCommonJSModule file:///opt/odoo/.vscode-server/bin/3c4e3df9e89829dce27b7b5c24508306b151f30d/extensions/npm/dist/npmMain
[2021-04-28 11:43:23.338] [exthost] [info] ExtensionService#_doActivateExtension vscode.github {"startup":true,"extensionId":{"value":"vscode.github","_lower":"vscode.github"},"activationEvent":"*"}
[2021-04-28 11:43:23.339] [exthost] [info] ExtensionService#loadCommonJSModule file:///opt/odoo/.vscode-server/bin/3c4e3df9e89829dce27b7b5c24508306b151f30d/extensions/github/dist/extension.js
[2021-04-28 11:43:23.770] [exthost] [info] ExtensionService#_doActivateExtension vscode.emmet {"startup":false,"extensionId":{"value":"vscode.emmet","_lower":"vscode.emmet"},"activationEvent":"onStartupFinished"}
[2021-04-28 11:43:23.772] [exthost] [info] ExtensionService#loadCommonJSModule file:///opt/odoo/.vscode-server/bin/3c4e3df9e89829dce27b7b5c24508306b151f30d/extensions/emmet/dist/node/emmetNodeMain
[2021-04-28 11:43:23.892] [exthost] [info] ExtensionService#_doActivateExtension vscode.merge-conflict {"startup":false,"extensionId":{"value":"vscode.merge-conflict","_lower":"vscode.merge-conflict"},"activationEvent":"onStartupFinished"}
[2021-04-28 11:43:23.892] [exthost] [info] ExtensionService#loadCommonJSModule file:///opt/odoo/.vscode-server/bin/3c4e3df9e89829dce27b7b5c24508306b151f30d/extensions/merge-conflict/dist/mergeConflictMain
[2021-04-28 11:43:23.908] [exthost] [info] ExtensionService#_doActivateExtension vscode.testing-editor-contributions {"startup":false,"extensionId":{"value":"vscode.testing-editor-contributions","_lower":"vscode.testing-editor-contributions"},"activationEvent":"onStartupFinished"}
[2021-04-28 11:43:23.908] [exthost] [info] ExtensionService#loadCommonJSModule file:///opt/odoo/.vscode-server/bin/3c4e3df9e89829dce27b7b5c24508306b151f30d/extensions/testing-editor-contributions/dist/extension.js
[2021-04-28 11:43:23.910] [exthost] [info] eager extensions activated
[2021-04-28 11:43:24.077] [exthost] [info] ExtensionService#_doActivateExtension ms-vscode.js-debug {"startup":false,"extensionId":{"value":"ms-vscode.js-debug","_lower":"ms-vscode.js-debug"},"activationEvent":"onCommand:extension.js-debug.clearAutoAttachVariables"}
[2021-04-28 11:43:24.077] [exthost] [info] ExtensionService#loadCommonJSModule file:///opt/odoo/.vscode-server/bin/3c4e3df9e89829dce27b7b5c24508306b151f30d/extensions/ms-vscode.js-debug/src/extension.js
[2021-04-28 11:43:32.983] [exthost] [info] ExtensionService#_doActivateExtension vscode.typescript-language-features {"startup":false,"extensionId":{"value":"vscode.typescript-language-features","_lower":"vscode.typescript-language-features"},"activationEvent":"onLanguage:jsonc"}
[2021-04-28 11:43:32.984] [exthost] [info] ExtensionService#loadCommonJSModule file:///opt/odoo/.vscode-server/bin/3c4e3df9e89829dce27b7b5c24508306b151f30d/extensions/typescript-language-features/dist/extension
[2021-04-28 11:44:56.420] [exthost] [info] extension host terminating: received terminate message from renderer
[2021-04-28 11:44:57.444] [exthost] [info] exiting with code 0
