[2021-04-27 10:42:51.981] [exthost] [info] extension host started
[2021-04-27 10:42:52.313] [exthost] [info] ExtensionService#_doActivateExtension vscode.debug-auto-launch {"startup":true,"extensionId":{"value":"vscode.debug-auto-launch","_lower":"vscode.debug-auto-launch"},"activationEvent":"*"}
[2021-04-27 10:42:52.313] [exthost] [info] ExtensionService#loadCommonJSModule file:///opt/odoo/.vscode-server/bin/3c4e3df9e89829dce27b7b5c24508306b151f30d/extensions/debug-auto-launch/dist/extension
[2021-04-27 10:42:52.321] [exthost] [info] ExtensionService#_doActivateExtension vscode.git {"startup":true,"extensionId":{"value":"vscode.github","_lower":"vscode.github"},"activationEvent":"*"}
[2021-04-27 10:42:52.322] [exthost] [info] ExtensionService#loadCommonJSModule file:///opt/odoo/.vscode-server/bin/3c4e3df9e89829dce27b7b5c24508306b151f30d/extensions/git/dist/main
[2021-04-27 10:42:52.412] [exthost] [info] ExtensionService#_doActivateExtension ecmel.vscode-html-css {"startup":true,"extensionId":{"value":"ecmel.vscode-html-css","_lower":"ecmel.vscode-html-css"},"activationEvent":"*"}
[2021-04-27 10:42:52.412] [exthost] [info] ExtensionService#loadCommonJSModule file:///opt/odoo/.vscode-server/extensions/ecmel.vscode-html-css-1.10.2/dist/extension.js
[2021-04-27 10:42:52.484] [exthost] [info] ExtensionService#_doActivateExtension jigar-patel.OdooSnippets {"startup":true,"extensionId":{"value":"jigar-patel.OdooSnippets","_lower":"jigar-patel.odoosnippets"},"activationEvent":"*"}
[2021-04-27 10:42:52.484] [exthost] [info] ExtensionService#loadCommonJSModule file:///opt/odoo/.vscode-server/extensions/jigar-patel.odoosnippets-1.2.0/extension.js
[2021-04-27 10:42:53.241] [exthost] [info] ExtensionService#_doActivateExtension vscode.github {"startup":true,"extensionId":{"value":"vscode.github","_lower":"vscode.github"},"activationEvent":"*"}
[2021-04-27 10:42:53.242] [exthost] [info] ExtensionService#loadCommonJSModule file:///opt/odoo/.vscode-server/bin/3c4e3df9e89829dce27b7b5c24508306b151f30d/extensions/github/dist/extension.js
[2021-04-27 10:42:53.507] [exthost] [info] ExtensionService#_doActivateExtension vscode.emmet {"startup":false,"extensionId":{"value":"vscode.emmet","_lower":"vscode.emmet"},"activationEvent":"onStartupFinished"}
[2021-04-27 10:42:53.507] [exthost] [info] ExtensionService#loadCommonJSModule file:///opt/odoo/.vscode-server/bin/3c4e3df9e89829dce27b7b5c24508306b151f30d/extensions/emmet/dist/node/emmetNodeMain
[2021-04-27 10:42:53.554] [exthost] [info] ExtensionService#_doActivateExtension vscode.merge-conflict {"startup":false,"extensionId":{"value":"vscode.merge-conflict","_lower":"vscode.merge-conflict"},"activationEvent":"onStartupFinished"}
[2021-04-27 10:42:53.554] [exthost] [info] ExtensionService#loadCommonJSModule file:///opt/odoo/.vscode-server/bin/3c4e3df9e89829dce27b7b5c24508306b151f30d/extensions/merge-conflict/dist/mergeConflictMain
[2021-04-27 10:42:53.563] [exthost] [info] ExtensionService#_doActivateExtension vscode.testing-editor-contributions {"startup":false,"extensionId":{"value":"vscode.testing-editor-contributions","_lower":"vscode.testing-editor-contributions"},"activationEvent":"onStartupFinished"}
[2021-04-27 10:42:53.563] [exthost] [info] ExtensionService#loadCommonJSModule file:///opt/odoo/.vscode-server/bin/3c4e3df9e89829dce27b7b5c24508306b151f30d/extensions/testing-editor-contributions/dist/extension.js
[2021-04-27 10:42:53.565] [exthost] [info] eager extensions activated
[2021-04-27 10:42:53.572] [exthost] [info] ExtensionService#_doActivateExtension ms-vscode.js-debug {"startup":false,"extensionId":{"value":"ms-vscode.js-debug","_lower":"ms-vscode.js-debug"},"activationEvent":"onCommand:extension.js-debug.clearAutoAttachVariables"}
[2021-04-27 10:42:53.573] [exthost] [info] ExtensionService#loadCommonJSModule file:///opt/odoo/.vscode-server/bin/3c4e3df9e89829dce27b7b5c24508306b151f30d/extensions/ms-vscode.js-debug/src/extension.js
[2021-04-27 10:42:54.607] [exthost] [warning] [Decorations] CAPPING events from decorations provider vscode.git 1929
[2021-04-27 11:03:29.007] [exthost] [warning] [Decorations] CAPPING events from decorations provider vscode.git 1929
[2021-04-27 11:04:34.403] [exthost] [warning] [Decorations] CAPPING events from decorations provider vscode.git 1929
[2021-04-27 11:05:25.627] [exthost] [warning] [Decorations] CAPPING events from decorations provider vscode.git 1929
[2021-04-27 11:05:31.225] [exthost] [warning] [Decorations] CAPPING events from decorations provider vscode.git 1929
[2021-04-27 11:05:36.829] [exthost] [warning] [Decorations] CAPPING events from decorations provider vscode.git 1929
[2021-04-27 11:27:27.840] [exthost] [warning] [Decorations] CAPPING events from decorations provider vscode.git 1929
[2021-04-27 11:27:33.531] [exthost] [warning] [Decorations] CAPPING events from decorations provider vscode.git 1925
[2021-04-27 11:27:43.661] [exthost] [warning] [Decorations] CAPPING events from decorations provider vscode.git 1925
[2021-04-27 11:32:27.131] [exthost] [warning] [Decorations] CAPPING events from decorations provider vscode.git 1925
[2021-04-27 11:33:09.794] [exthost] [warning] [Decorations] CAPPING events from decorations provider vscode.git 1925
[2021-04-27 11:33:15.374] [exthost] [warning] [Decorations] CAPPING events from decorations provider vscode.git 1925
[2021-04-27 11:33:20.963] [exthost] [warning] [Decorations] CAPPING events from decorations provider vscode.git 1925
[2021-04-27 11:34:20.023] [exthost] [warning] [Decorations] CAPPING events from decorations provider vscode.git 1925
[2021-04-27 11:34:26.434] [exthost] [warning] [Decorations] CAPPING events from decorations provider vscode.git 1925
[2021-04-27 11:34:40.752] [exthost] [warning] [Decorations] CAPPING events from decorations provider vscode.git 1925
[2021-04-27 11:35:38.445] [exthost] [warning] [Decorations] CAPPING events from decorations provider vscode.git 1925
[2021-04-27 11:35:44.305] [exthost] [warning] [Decorations] CAPPING events from decorations provider vscode.git 1925
[2021-04-27 11:45:48.849] [exthost] [warning] [Decorations] CAPPING events from decorations provider vscode.git 1925
[2021-04-27 11:46:13.685] [exthost] [warning] [Decorations] CAPPING events from decorations provider vscode.git 1925
[2021-04-27 11:46:19.224] [exthost] [warning] [Decorations] CAPPING events from decorations provider vscode.git 1925
[2021-04-27 11:46:24.807] [exthost] [warning] [Decorations] CAPPING events from decorations provider vscode.git 1925
[2021-04-27 11:46:33.078] [exthost] [warning] [Decorations] CAPPING events from decorations provider vscode.git 1925
[2021-04-27 11:46:38.708] [exthost] [warning] [Decorations] CAPPING events from decorations provider vscode.git 1925
[2021-04-27 11:46:44.152] [exthost] [warning] [Decorations] CAPPING events from decorations provider vscode.git 1925
[2021-04-27 11:46:49.800] [exthost] [warning] [Decorations] CAPPING events from decorations provider vscode.git 1925
[2021-04-27 11:46:55.334] [exthost] [warning] [Decorations] CAPPING events from decorations provider vscode.git 1925
[2021-04-27 13:21:08.595] [exthost] [warning] [Decorations] CAPPING events from decorations provider vscode.git 1925
[2021-04-27 13:21:14.214] [exthost] [warning] [Decorations] CAPPING events from decorations provider vscode.git 1925
[2021-04-27 13:21:19.800] [exthost] [warning] [Decorations] CAPPING events from decorations provider vscode.git 1925
[2021-04-27 13:22:22.266] [exthost] [warning] [Decorations] CAPPING events from decorations provider vscode.git 1925
[2021-04-27 13:22:27.769] [exthost] [warning] [Decorations] CAPPING events from decorations provider vscode.git 1925
[2021-04-27 13:22:35.338] [exthost] [warning] [Decorations] CAPPING events from decorations provider vscode.git 1925
[2021-04-27 13:22:40.901] [exthost] [warning] [Decorations] CAPPING events from decorations provider vscode.git 1925
[2021-04-27 13:22:46.482] [exthost] [warning] [Decorations] CAPPING events from decorations provider vscode.git 1925
[2021-04-27 13:23:29.815] [exthost] [warning] [Decorations] CAPPING events from decorations provider vscode.git 1925
[2021-04-27 13:23:35.385] [exthost] [warning] [Decorations] CAPPING events from decorations provider vscode.git 1925
[2021-04-27 13:23:40.877] [exthost] [warning] [Decorations] CAPPING events from decorations provider vscode.git 1925
[2021-04-27 13:23:46.615] [exthost] [warning] [Decorations] CAPPING events from decorations provider vscode.git 1925
[2021-04-27 13:23:52.215] [exthost] [warning] [Decorations] CAPPING events from decorations provider vscode.git 1925
[2021-04-27 13:23:57.791] [exthost] [warning] [Decorations] CAPPING events from decorations provider vscode.git 1925
[2021-04-27 13:24:03.643] [exthost] [warning] [Decorations] CAPPING events from decorations provider vscode.git 1925
[2021-04-27 13:28:59.254] [exthost] [warning] [Decorations] CAPPING events from decorations provider vscode.git 1925
[2021-04-27 14:05:17.888] [exthost] [warning] [Decorations] CAPPING events from decorations provider vscode.git 1937
[2021-04-27 14:05:23.845] [exthost] [warning] [Decorations] CAPPING events from decorations provider vscode.git 1937
[2021-04-27 14:25:57.259] [exthost] [warning] [Decorations] CAPPING events from decorations provider vscode.git 1937
[2021-04-27 14:30:52.220] [exthost] [warning] [Decorations] CAPPING events from decorations provider vscode.git 1937
[2021-04-27 14:31:49.113] [exthost] [warning] [Decorations] CAPPING events from decorations provider vscode.git 1937
[2021-04-27 14:31:54.669] [exthost] [warning] [Decorations] CAPPING events from decorations provider vscode.git 1937
[2021-04-27 14:32:06.259] [exthost] [warning] [Decorations] CAPPING events from decorations provider vscode.git 1937
[2021-04-27 14:32:50.280] [exthost] [warning] [Decorations] CAPPING events from decorations provider vscode.git 1937
[2021-04-27 14:34:06.734] [exthost] [warning] [Decorations] CAPPING events from decorations provider vscode.git 1937
[2021-04-27 14:34:14.044] [exthost] [warning] [Decorations] CAPPING events from decorations provider vscode.git 1937
[2021-04-27 14:34:19.590] [exthost] [warning] [Decorations] CAPPING events from decorations provider vscode.git 1937
[2021-04-27 14:34:25.150] [exthost] [warning] [Decorations] CAPPING events from decorations provider vscode.git 1937
[2021-04-27 14:34:42.541] [exthost] [warning] [Decorations] CAPPING events from decorations provider vscode.git 1937
[2021-04-27 14:34:49.053] [exthost] [warning] [Decorations] CAPPING events from decorations provider vscode.git 1937
[2021-04-27 14:34:57.946] [exthost] [warning] [Decorations] CAPPING events from decorations provider vscode.git 1937
[2021-04-27 14:35:06.905] [exthost] [warning] [Decorations] CAPPING events from decorations provider vscode.git 1937
[2021-04-27 14:35:15.383] [exthost] [warning] [Decorations] CAPPING events from decorations provider vscode.git 1937
[2021-04-27 14:35:21.028] [exthost] [warning] [Decorations] CAPPING events from decorations provider vscode.git 1937
[2021-04-27 14:35:35.444] [exthost] [warning] [Decorations] CAPPING events from decorations provider vscode.git 1937
[2021-04-27 14:35:41.042] [exthost] [warning] [Decorations] CAPPING events from decorations provider vscode.git 1937
[2021-04-27 14:35:46.596] [exthost] [warning] [Decorations] CAPPING events from decorations provider vscode.git 1937
[2021-04-27 14:36:00.969] [exthost] [warning] [Decorations] CAPPING events from decorations provider vscode.git 1937
[2021-04-27 14:36:06.461] [exthost] [warning] [Decorations] CAPPING events from decorations provider vscode.git 1937
[2021-04-27 14:36:12.217] [exthost] [warning] [Decorations] CAPPING events from decorations provider vscode.git 1937
[2021-04-27 14:36:18.062] [exthost] [warning] [Decorations] CAPPING events from decorations provider vscode.git 1937
[2021-04-27 14:36:23.653] [exthost] [warning] [Decorations] CAPPING events from decorations provider vscode.git 1937
[2021-04-27 14:36:49.314] [exthost] [warning] [Decorations] CAPPING events from decorations provider vscode.git 1937
[2021-04-27 14:36:55.260] [exthost] [warning] [Decorations] CAPPING events from decorations provider vscode.git 1937
[2021-04-27 14:37:22.996] [exthost] [warning] [Decorations] CAPPING events from decorations provider vscode.git 1937
[2021-04-27 14:39:01.175] [exthost] [warning] [Decorations] CAPPING events from decorations provider vscode.git 1937
[2021-04-27 14:39:06.736] [exthost] [warning] [Decorations] CAPPING events from decorations provider vscode.git 1937
[2021-04-27 14:39:26.018] [exthost] [warning] [Decorations] CAPPING events from decorations provider vscode.git 1937
[2021-04-27 14:39:54.020] [exthost] [warning] [Decorations] CAPPING events from decorations provider vscode.git 1937
[2021-04-27 14:39:59.588] [exthost] [warning] [Decorations] CAPPING events from decorations provider vscode.git 1937
[2021-04-27 14:40:05.145] [exthost] [warning] [Decorations] CAPPING events from decorations provider vscode.git 1937
[2021-04-27 14:40:10.649] [exthost] [warning] [Decorations] CAPPING events from decorations provider vscode.git 1937
[2021-04-27 14:40:53.328] [exthost] [warning] [Decorations] CAPPING events from decorations provider vscode.git 1937
[2021-04-27 14:40:59.923] [exthost] [warning] [Decorations] CAPPING events from decorations provider vscode.git 1937
[2021-04-27 14:41:51.788] [exthost] [warning] [Decorations] CAPPING events from decorations provider vscode.git 1937
[2021-04-27 14:41:57.344] [exthost] [warning] [Decorations] CAPPING events from decorations provider vscode.git 1937
[2021-04-27 14:44:07.031] [exthost] [warning] [Decorations] CAPPING events from decorations provider vscode.git 1937
[2021-04-27 14:44:17.358] [exthost] [warning] [Decorations] CAPPING events from decorations provider vscode.git 1937
[2021-04-27 14:44:22.879] [exthost] [warning] [Decorations] CAPPING events from decorations provider vscode.git 1937
[2021-04-27 14:44:28.353] [exthost] [warning] [Decorations] CAPPING events from decorations provider vscode.git 1937
[2021-04-27 14:44:43.408] [exthost] [warning] [Decorations] CAPPING events from decorations provider vscode.git 1937
[2021-04-27 14:45:56.400] [exthost] [warning] [Decorations] CAPPING events from decorations provider vscode.git 1937
[2021-04-27 15:22:14.489] [exthost] [warning] [Decorations] CAPPING events from decorations provider vscode.git 1937
[2021-04-27 15:23:33.894] [exthost] [warning] [Decorations] CAPPING events from decorations provider vscode.git 1937
[2021-04-27 15:25:07.902] [exthost] [warning] [Decorations] CAPPING events from decorations provider vscode.git 1937
[2021-04-27 15:27:17.163] [exthost] [warning] [Decorations] CAPPING events from decorations provider vscode.git 1937
[2021-04-27 15:54:04.415] [exthost] [info] extension host terminating: received terminate message from renderer
[2021-04-27 15:54:05.428] [exthost] [info] exiting with code 0
