[2021-04-21 14:23:13.802] [exthost] [info] extension host started
[2021-04-21 14:23:14.561] [exthost] [info] ExtensionService#_doActivateExtension vscode.debug-auto-launch {"startup":true,"extensionId":{"value":"vscode.debug-auto-launch","_lower":"vscode.debug-auto-launch"},"activationEvent":"*"}
[2021-04-21 14:23:14.561] [exthost] [info] ExtensionService#loadCommonJSModule file:///opt/odoo/.vscode-server/bin/3c4e3df9e89829dce27b7b5c24508306b151f30d/extensions/debug-auto-launch/dist/extension
[2021-04-21 14:23:14.569] [exthost] [info] ExtensionService#_doActivateExtension vscode.git {"startup":true,"extensionId":{"value":"vscode.github","_lower":"vscode.github"},"activationEvent":"*"}
[2021-04-21 14:23:14.569] [exthost] [info] ExtensionService#loadCommonJSModule file:///opt/odoo/.vscode-server/bin/3c4e3df9e89829dce27b7b5c24508306b151f30d/extensions/git/dist/main
[2021-04-21 14:23:15.228] [exthost] [info] ExtensionService#_doActivateExtension vscode.github {"startup":true,"extensionId":{"value":"vscode.github","_lower":"vscode.github"},"activationEvent":"*"}
[2021-04-21 14:23:15.228] [exthost] [info] ExtensionService#loadCommonJSModule file:///opt/odoo/.vscode-server/bin/3c4e3df9e89829dce27b7b5c24508306b151f30d/extensions/github/dist/extension.js
[2021-04-21 14:23:15.423] [exthost] [info] ExtensionService#_doActivateExtension vscode.emmet {"startup":false,"extensionId":{"value":"vscode.emmet","_lower":"vscode.emmet"},"activationEvent":"onStartupFinished"}
[2021-04-21 14:23:15.425] [exthost] [info] ExtensionService#loadCommonJSModule file:///opt/odoo/.vscode-server/bin/3c4e3df9e89829dce27b7b5c24508306b151f30d/extensions/emmet/dist/node/emmetNodeMain
[2021-04-21 14:23:15.469] [exthost] [info] ExtensionService#_doActivateExtension vscode.merge-conflict {"startup":false,"extensionId":{"value":"vscode.merge-conflict","_lower":"vscode.merge-conflict"},"activationEvent":"onStartupFinished"}
[2021-04-21 14:23:15.470] [exthost] [info] ExtensionService#loadCommonJSModule file:///opt/odoo/.vscode-server/bin/3c4e3df9e89829dce27b7b5c24508306b151f30d/extensions/merge-conflict/dist/mergeConflictMain
[2021-04-21 14:23:15.479] [exthost] [info] ExtensionService#_doActivateExtension vscode.testing-editor-contributions {"startup":false,"extensionId":{"value":"vscode.testing-editor-contributions","_lower":"vscode.testing-editor-contributions"},"activationEvent":"onStartupFinished"}
[2021-04-21 14:23:15.481] [exthost] [info] ExtensionService#loadCommonJSModule file:///opt/odoo/.vscode-server/bin/3c4e3df9e89829dce27b7b5c24508306b151f30d/extensions/testing-editor-contributions/dist/extension.js
[2021-04-21 14:23:15.482] [exthost] [info] eager extensions activated
[2021-04-21 14:23:15.506] [exthost] [info] ExtensionService#_doActivateExtension ms-vscode.js-debug {"startup":false,"extensionId":{"value":"ms-vscode.js-debug","_lower":"ms-vscode.js-debug"},"activationEvent":"onCommand:extension.js-debug.clearAutoAttachVariables"}
[2021-04-21 14:23:15.509] [exthost] [info] ExtensionService#loadCommonJSModule file:///opt/odoo/.vscode-server/bin/3c4e3df9e89829dce27b7b5c24508306b151f30d/extensions/ms-vscode.js-debug/src/extension.js
[2021-04-21 14:23:16.324] [exthost] [warning] [Decorations] CAPPING events from decorations provider vscode.git 1827
[2021-04-21 14:24:23.586] [exthost] [warning] [Decorations] CAPPING events from decorations provider vscode.git 1827
[2021-04-21 14:24:29.018] [exthost] [warning] [Decorations] CAPPING events from decorations provider vscode.git 1827
[2021-04-21 14:24:34.626] [exthost] [warning] [Decorations] CAPPING events from decorations provider vscode.git 1827
[2021-04-21 14:24:40.089] [exthost] [warning] [Decorations] CAPPING events from decorations provider vscode.git 1827
[2021-04-21 14:28:40.899] [exthost] [warning] [Decorations] CAPPING events from decorations provider vscode.git 1827
[2021-04-21 14:28:46.391] [exthost] [warning] [Decorations] CAPPING events from decorations provider vscode.git 1827
[2021-04-21 14:28:51.745] [exthost] [warning] [Decorations] CAPPING events from decorations provider vscode.git 1827
[2021-04-21 14:29:25.709] [exthost] [warning] [Decorations] CAPPING events from decorations provider vscode.git 1827
[2021-04-21 14:29:31.141] [exthost] [warning] [Decorations] CAPPING events from decorations provider vscode.git 1827
[2021-04-21 14:29:36.506] [exthost] [warning] [Decorations] CAPPING events from decorations provider vscode.git 1827
[2021-04-21 14:29:42.074] [exthost] [warning] [Decorations] CAPPING events from decorations provider vscode.git 1827
[2021-04-21 14:29:47.600] [exthost] [warning] [Decorations] CAPPING events from decorations provider vscode.git 1827
[2021-04-21 14:29:53.226] [exthost] [warning] [Decorations] CAPPING events from decorations provider vscode.git 1827
[2021-04-21 14:29:58.809] [exthost] [warning] [Decorations] CAPPING events from decorations provider vscode.git 1827
[2021-04-21 14:30:04.377] [exthost] [warning] [Decorations] CAPPING events from decorations provider vscode.git 1827
[2021-04-21 14:30:12.495] [exthost] [warning] [Decorations] CAPPING events from decorations provider vscode.git 1827
[2021-04-21 14:30:17.890] [exthost] [warning] [Decorations] CAPPING events from decorations provider vscode.git 1827
[2021-04-21 14:30:23.520] [exthost] [warning] [Decorations] CAPPING events from decorations provider vscode.git 1827
[2021-04-21 14:30:29.084] [exthost] [warning] [Decorations] CAPPING events from decorations provider vscode.git 1827
[2021-04-21 14:30:34.503] [exthost] [warning] [Decorations] CAPPING events from decorations provider vscode.git 1827
[2021-04-21 14:30:39.905] [exthost] [warning] [Decorations] CAPPING events from decorations provider vscode.git 1827
[2021-04-21 14:30:45.393] [exthost] [warning] [Decorations] CAPPING events from decorations provider vscode.git 1827
[2021-04-21 14:30:50.864] [exthost] [warning] [Decorations] CAPPING events from decorations provider vscode.git 1827
[2021-04-21 14:30:56.290] [exthost] [warning] [Decorations] CAPPING events from decorations provider vscode.git 1827
[2021-04-21 14:31:01.657] [exthost] [warning] [Decorations] CAPPING events from decorations provider vscode.git 1827
[2021-04-21 14:31:07.279] [exthost] [warning] [Decorations] CAPPING events from decorations provider vscode.git 1827
[2021-04-21 14:31:12.648] [exthost] [warning] [Decorations] CAPPING events from decorations provider vscode.git 1827
[2021-04-21 14:31:18.212] [exthost] [warning] [Decorations] CAPPING events from decorations provider vscode.git 1827
[2021-04-21 14:31:38.036] [exthost] [warning] [Decorations] CAPPING events from decorations provider vscode.git 1827
[2021-04-21 14:31:43.454] [exthost] [warning] [Decorations] CAPPING events from decorations provider vscode.git 1827
[2021-04-21 14:31:48.859] [exthost] [warning] [Decorations] CAPPING events from decorations provider vscode.git 1827
[2021-04-21 14:31:54.289] [exthost] [warning] [Decorations] CAPPING events from decorations provider vscode.git 1827
[2021-04-21 14:31:59.668] [exthost] [warning] [Decorations] CAPPING events from decorations provider vscode.git 1827
[2021-04-21 14:32:10.429] [exthost] [warning] [Decorations] CAPPING events from decorations provider vscode.git 1827
[2021-04-21 14:32:16.033] [exthost] [warning] [Decorations] CAPPING events from decorations provider vscode.git 1827
[2021-04-21 14:32:21.589] [exthost] [warning] [Decorations] CAPPING events from decorations provider vscode.git 1827
[2021-04-21 14:32:41.289] [exthost] [warning] [Decorations] CAPPING events from decorations provider vscode.git 1827
[2021-04-21 14:33:08.676] [exthost] [warning] [Decorations] CAPPING events from decorations provider vscode.git 1827
[2021-04-21 14:33:14.079] [exthost] [warning] [Decorations] CAPPING events from decorations provider vscode.git 1827
[2021-04-21 14:33:19.539] [exthost] [warning] [Decorations] CAPPING events from decorations provider vscode.git 1827
[2021-04-21 14:33:24.926] [exthost] [warning] [Decorations] CAPPING events from decorations provider vscode.git 1827
[2021-04-21 14:33:30.473] [exthost] [warning] [Decorations] CAPPING events from decorations provider vscode.git 1827
[2021-04-21 14:33:42.039] [exthost] [warning] [Decorations] CAPPING events from decorations provider vscode.git 1827
[2021-04-21 14:34:16.746] [exthost] [warning] [Decorations] CAPPING events from decorations provider vscode.git 1827
[2021-04-21 14:34:22.249] [exthost] [warning] [Decorations] CAPPING events from decorations provider vscode.git 1827
[2021-04-21 14:34:27.886] [exthost] [warning] [Decorations] CAPPING events from decorations provider vscode.git 1827
[2021-04-21 14:34:38.790] [exthost] [warning] [Decorations] CAPPING events from decorations provider vscode.git 1827
[2021-04-21 14:35:25.431] [exthost] [warning] [Decorations] CAPPING events from decorations provider vscode.git 1827
[2021-04-21 14:35:30.858] [exthost] [warning] [Decorations] CAPPING events from decorations provider vscode.git 1827
[2021-04-21 14:35:36.503] [exthost] [warning] [Decorations] CAPPING events from decorations provider vscode.git 1827
[2021-04-21 14:35:41.881] [exthost] [warning] [Decorations] CAPPING events from decorations provider vscode.git 1827
[2021-04-21 14:35:54.074] [exthost] [warning] [Decorations] CAPPING events from decorations provider vscode.git 1827
[2021-04-21 14:35:59.662] [exthost] [warning] [Decorations] CAPPING events from decorations provider vscode.git 1827
[2021-04-21 14:36:08.786] [exthost] [warning] [Decorations] CAPPING events from decorations provider vscode.git 1827
[2021-04-21 14:36:14.160] [exthost] [warning] [Decorations] CAPPING events from decorations provider vscode.git 1827
[2021-04-21 14:36:19.537] [exthost] [warning] [Decorations] CAPPING events from decorations provider vscode.git 1827
[2021-04-21 14:36:24.940] [exthost] [warning] [Decorations] CAPPING events from decorations provider vscode.git 1827
[2021-04-21 14:36:30.731] [exthost] [warning] [Decorations] CAPPING events from decorations provider vscode.git 1827
[2021-04-21 14:36:36.235] [exthost] [warning] [Decorations] CAPPING events from decorations provider vscode.git 1827
[2021-04-21 14:37:01.997] [exthost] [warning] [Decorations] CAPPING events from decorations provider vscode.git 1827
[2021-04-21 14:37:07.657] [exthost] [warning] [Decorations] CAPPING events from decorations provider vscode.git 1827
[2021-04-21 14:37:13.198] [exthost] [warning] [Decorations] CAPPING events from decorations provider vscode.git 1827
[2021-04-21 14:37:18.794] [exthost] [warning] [Decorations] CAPPING events from decorations provider vscode.git 1827
[2021-04-21 14:37:24.791] [exthost] [warning] [Decorations] CAPPING events from decorations provider vscode.git 1827
[2021-04-21 14:37:58.843] [exthost] [warning] [Decorations] CAPPING events from decorations provider vscode.git 1827
[2021-04-21 14:38:04.343] [exthost] [warning] [Decorations] CAPPING events from decorations provider vscode.git 1827
[2021-04-21 14:38:13.385] [exthost] [warning] [Decorations] CAPPING events from decorations provider vscode.git 1827
[2021-04-21 14:38:20.108] [exthost] [warning] [Decorations] CAPPING events from decorations provider vscode.git 1827
[2021-04-21 14:40:32.137] [exthost] [warning] [Decorations] CAPPING events from decorations provider vscode.git 1827
[2021-04-21 14:40:37.526] [exthost] [warning] [Decorations] CAPPING events from decorations provider vscode.git 1827
[2021-04-21 14:40:43.086] [exthost] [warning] [Decorations] CAPPING events from decorations provider vscode.git 1827
[2021-04-21 14:40:48.506] [exthost] [warning] [Decorations] CAPPING events from decorations provider vscode.git 1827
[2021-04-21 14:40:53.936] [exthost] [warning] [Decorations] CAPPING events from decorations provider vscode.git 1827
[2021-04-21 14:41:10.551] [exthost] [warning] [Decorations] CAPPING events from decorations provider vscode.git 1827
[2021-04-21 14:43:17.306] [exthost] [warning] [Decorations] CAPPING events from decorations provider vscode.git 1827
[2021-04-21 14:43:22.865] [exthost] [warning] [Decorations] CAPPING events from decorations provider vscode.git 1827
[2021-04-21 14:43:28.256] [exthost] [warning] [Decorations] CAPPING events from decorations provider vscode.git 1827
[2021-04-21 14:43:33.747] [exthost] [warning] [Decorations] CAPPING events from decorations provider vscode.git 1827
[2021-04-21 14:43:39.372] [exthost] [warning] [Decorations] CAPPING events from decorations provider vscode.git 1827
[2021-04-21 14:43:48.253] [exthost] [warning] [Decorations] CAPPING events from decorations provider vscode.git 1827
[2021-04-21 14:43:53.711] [exthost] [warning] [Decorations] CAPPING events from decorations provider vscode.git 1827
[2021-04-21 14:44:00.387] [exthost] [warning] [Decorations] CAPPING events from decorations provider vscode.git 1827
[2021-04-21 14:44:05.866] [exthost] [warning] [Decorations] CAPPING events from decorations provider vscode.git 1827
[2021-04-21 14:44:13.653] [exthost] [warning] [Decorations] CAPPING events from decorations provider vscode.git 1827
[2021-04-21 14:45:11.438] [exthost] [warning] [Decorations] CAPPING events from decorations provider vscode.git 1827
[2021-04-21 14:45:21.978] [exthost] [warning] [Decorations] CAPPING events from decorations provider vscode.git 1827
[2021-04-21 14:45:27.559] [exthost] [warning] [Decorations] CAPPING events from decorations provider vscode.git 1827
[2021-04-21 14:45:32.928] [exthost] [warning] [Decorations] CAPPING events from decorations provider vscode.git 1827
[2021-04-21 14:45:43.558] [exthost] [warning] [Decorations] CAPPING events from decorations provider vscode.git 1827
[2021-04-21 14:45:48.954] [exthost] [warning] [Decorations] CAPPING events from decorations provider vscode.git 1827
[2021-04-21 14:45:54.550] [exthost] [warning] [Decorations] CAPPING events from decorations provider vscode.git 1827
[2021-04-21 14:46:00.007] [exthost] [warning] [Decorations] CAPPING events from decorations provider vscode.git 1827
[2021-04-21 14:46:07.429] [exthost] [warning] [Decorations] CAPPING events from decorations provider vscode.git 1827
[2021-04-21 14:47:09.865] [exthost] [warning] [Decorations] CAPPING events from decorations provider vscode.git 1827
[2021-04-21 14:47:15.339] [exthost] [warning] [Decorations] CAPPING events from decorations provider vscode.git 1827
[2021-04-21 14:47:20.721] [exthost] [warning] [Decorations] CAPPING events from decorations provider vscode.git 1827
[2021-04-21 14:47:26.154] [exthost] [warning] [Decorations] CAPPING events from decorations provider vscode.git 1827
[2021-04-21 14:47:31.565] [exthost] [warning] [Decorations] CAPPING events from decorations provider vscode.git 1827
[2021-04-21 14:47:37.065] [exthost] [warning] [Decorations] CAPPING events from decorations provider vscode.git 1827
[2021-04-21 14:47:46.472] [exthost] [warning] [Decorations] CAPPING events from decorations provider vscode.git 1827
[2021-04-21 14:47:52.038] [exthost] [warning] [Decorations] CAPPING events from decorations provider vscode.git 1827
[2021-04-21 14:47:57.527] [exthost] [warning] [Decorations] CAPPING events from decorations provider vscode.git 1827
[2021-04-21 14:48:06.515] [exthost] [warning] [Decorations] CAPPING events from decorations provider vscode.git 1827
[2021-04-21 14:48:13.979] [exthost] [warning] [Decorations] CAPPING events from decorations provider vscode.git 1827
[2021-04-21 14:48:19.400] [exthost] [warning] [Decorations] CAPPING events from decorations provider vscode.git 1827
[2021-04-21 14:48:25.042] [exthost] [warning] [Decorations] CAPPING events from decorations provider vscode.git 1827
[2021-04-21 14:48:41.741] [exthost] [warning] [Decorations] CAPPING events from decorations provider vscode.git 1827
[2021-04-21 14:53:34.193] [exthost] [info] ExtensionService#_doActivateExtension jigar-patel.OdooSnippets {"startup":false,"extensionId":{"value":"jigar-patel.OdooSnippets","_lower":"jigar-patel.odoosnippets"},"activationEvent":"*"}
[2021-04-21 14:53:34.193] [exthost] [info] ExtensionService#loadCommonJSModule file:///opt/odoo/.vscode-server/extensions/jigar-patel.odoosnippets-1.2.0/extension.js
[2021-04-21 14:54:02.084] [exthost] [warning] [Decorations] CAPPING events from decorations provider vscode.git 1841
[2021-04-21 14:56:26.374] [exthost] [warning] [Decorations] CAPPING events from decorations provider vscode.git 1841
[2021-04-21 14:56:32.003] [exthost] [warning] [Decorations] CAPPING events from decorations provider vscode.git 1841
[2021-04-21 14:57:51.214] [exthost] [warning] [Decorations] CAPPING events from decorations provider vscode.git 1841
[2021-04-21 15:03:09.049] [exthost] [warning] [Decorations] CAPPING events from decorations provider vscode.git 1841
[2021-04-21 15:03:14.489] [exthost] [warning] [Decorations] CAPPING events from decorations provider vscode.git 1841
[2021-04-21 15:03:19.847] [exthost] [warning] [Decorations] CAPPING events from decorations provider vscode.git 1841
[2021-04-21 15:03:25.288] [exthost] [warning] [Decorations] CAPPING events from decorations provider vscode.git 1841
[2021-04-21 15:03:32.091] [exthost] [warning] [Decorations] CAPPING events from decorations provider vscode.git 1841
[2021-04-21 15:05:53.299] [exthost] [warning] [Decorations] CAPPING events from decorations provider vscode.git 1845
[2021-04-21 15:05:58.810] [exthost] [warning] [Decorations] CAPPING events from decorations provider vscode.git 1845
[2021-04-21 15:08:39.944] [exthost] [warning] [Decorations] CAPPING events from decorations provider vscode.git 1845
[2021-04-21 15:08:48.082] [exthost] [warning] [Decorations] CAPPING events from decorations provider vscode.git 1845
[2021-04-21 15:12:42.928] [exthost] [warning] [Decorations] CAPPING events from decorations provider vscode.git 1845
[2021-04-21 15:14:23.818] [exthost] [warning] [Decorations] CAPPING events from decorations provider vscode.git 1845
[2021-04-21 15:14:29.345] [exthost] [warning] [Decorations] CAPPING events from decorations provider vscode.git 1845
[2021-04-21 15:14:34.727] [exthost] [warning] [Decorations] CAPPING events from decorations provider vscode.git 1845
[2021-04-21 15:14:41.247] [exthost] [warning] [Decorations] CAPPING events from decorations provider vscode.git 1845
[2021-04-21 15:14:47.414] [exthost] [warning] [Decorations] CAPPING events from decorations provider vscode.git 1845
[2021-04-21 15:16:33.396] [exthost] [warning] [Decorations] CAPPING events from decorations provider vscode.git 1845
[2021-04-21 15:16:38.766] [exthost] [warning] [Decorations] CAPPING events from decorations provider vscode.git 1845
[2021-04-21 15:16:44.163] [exthost] [warning] [Decorations] CAPPING events from decorations provider vscode.git 1845
[2021-04-21 15:16:49.510] [exthost] [warning] [Decorations] CAPPING events from decorations provider vscode.git 1845
[2021-04-21 15:17:00.690] [exthost] [warning] [Decorations] CAPPING events from decorations provider vscode.git 1845
[2021-04-21 15:17:06.187] [exthost] [warning] [Decorations] CAPPING events from decorations provider vscode.git 1845
[2021-04-21 15:17:11.675] [exthost] [warning] [Decorations] CAPPING events from decorations provider vscode.git 1845
[2021-04-21 15:17:17.086] [exthost] [warning] [Decorations] CAPPING events from decorations provider vscode.git 1845
[2021-04-21 15:17:22.481] [exthost] [warning] [Decorations] CAPPING events from decorations provider vscode.git 1845
[2021-04-21 15:18:47.737] [exthost] [warning] [Decorations] CAPPING events from decorations provider vscode.git 1845
[2021-04-21 15:18:53.159] [exthost] [warning] [Decorations] CAPPING events from decorations provider vscode.git 1845
[2021-04-21 15:19:47.881] [exthost] [warning] [Decorations] CAPPING events from decorations provider vscode.git 1845
[2021-04-21 15:19:55.458] [exthost] [warning] [Decorations] CAPPING events from decorations provider vscode.git 1845
[2021-04-21 15:20:00.991] [exthost] [warning] [Decorations] CAPPING events from decorations provider vscode.git 1845
[2021-04-21 15:20:21.513] [exthost] [warning] [Decorations] CAPPING events from decorations provider vscode.git 1845
[2021-04-21 15:20:54.137] [exthost] [warning] [Decorations] CAPPING events from decorations provider vscode.git 1845
[2021-04-21 15:20:59.524] [exthost] [warning] [Decorations] CAPPING events from decorations provider vscode.git 1845
[2021-04-21 15:21:05.015] [exthost] [warning] [Decorations] CAPPING events from decorations provider vscode.git 1845
[2021-04-21 15:21:10.551] [exthost] [warning] [Decorations] CAPPING events from decorations provider vscode.git 1845
[2021-04-21 15:21:16.036] [exthost] [warning] [Decorations] CAPPING events from decorations provider vscode.git 1845
[2021-04-21 15:21:21.564] [exthost] [warning] [Decorations] CAPPING events from decorations provider vscode.git 1845
[2021-04-21 15:23:05.153] [exthost] [warning] [Decorations] CAPPING events from decorations provider vscode.git 1845
[2021-04-21 15:23:10.574] [exthost] [warning] [Decorations] CAPPING events from decorations provider vscode.git 1845
[2021-04-21 15:23:16.014] [exthost] [warning] [Decorations] CAPPING events from decorations provider vscode.git 1845
[2021-04-21 15:23:34.669] [exthost] [warning] [Decorations] CAPPING events from decorations provider vscode.git 1845
[2021-04-21 15:23:40.435] [exthost] [warning] [Decorations] CAPPING events from decorations provider vscode.git 1845
[2021-04-21 15:23:46.228] [exthost] [warning] [Decorations] CAPPING events from decorations provider vscode.git 1845
[2021-04-21 15:23:56.676] [exthost] [warning] [Decorations] CAPPING events from decorations provider vscode.git 1845
[2021-04-21 15:24:02.104] [exthost] [warning] [Decorations] CAPPING events from decorations provider vscode.git 1845
[2021-04-21 15:24:07.526] [exthost] [warning] [Decorations] CAPPING events from decorations provider vscode.git 1845
[2021-04-21 15:24:34.687] [exthost] [warning] [Decorations] CAPPING events from decorations provider vscode.git 1845
[2021-04-21 15:24:40.096] [exthost] [warning] [Decorations] CAPPING events from decorations provider vscode.git 1845
[2021-04-21 15:24:56.705] [exthost] [warning] [Decorations] CAPPING events from decorations provider vscode.git 1845
[2021-04-21 15:25:31.650] [exthost] [warning] [Decorations] CAPPING events from decorations provider vscode.git 1845
[2021-04-21 15:25:37.042] [exthost] [warning] [Decorations] CAPPING events from decorations provider vscode.git 1845
[2021-04-21 15:25:42.445] [exthost] [warning] [Decorations] CAPPING events from decorations provider vscode.git 1845
[2021-04-21 15:25:49.719] [exthost] [warning] [Decorations] CAPPING events from decorations provider vscode.git 1845
[2021-04-21 15:26:15.257] [exthost] [warning] [Decorations] CAPPING events from decorations provider vscode.git 1845
[2021-04-21 15:26:20.614] [exthost] [warning] [Decorations] CAPPING events from decorations provider vscode.git 1845
[2021-04-21 15:26:35.925] [exthost] [warning] [Decorations] CAPPING events from decorations provider vscode.git 1845
[2021-04-21 15:26:45.298] [exthost] [warning] [Decorations] CAPPING events from decorations provider vscode.git 1845
[2021-04-21 15:26:50.673] [exthost] [warning] [Decorations] CAPPING events from decorations provider vscode.git 1845
[2021-04-21 15:26:56.297] [exthost] [warning] [Decorations] CAPPING events from decorations provider vscode.git 1845
[2021-04-21 15:27:01.758] [exthost] [warning] [Decorations] CAPPING events from decorations provider vscode.git 1845
[2021-04-21 15:27:07.202] [exthost] [warning] [Decorations] CAPPING events from decorations provider vscode.git 1845
[2021-04-21 15:27:12.574] [exthost] [warning] [Decorations] CAPPING events from decorations provider vscode.git 1845
[2021-04-21 15:27:17.976] [exthost] [warning] [Decorations] CAPPING events from decorations provider vscode.git 1845
[2021-04-21 15:27:23.351] [exthost] [warning] [Decorations] CAPPING events from decorations provider vscode.git 1845
[2021-04-21 15:27:41.963] [exthost] [warning] [Decorations] CAPPING events from decorations provider vscode.git 1845
[2021-04-21 15:27:47.448] [exthost] [warning] [Decorations] CAPPING events from decorations provider vscode.git 1845
[2021-04-21 15:27:53.866] [exthost] [warning] [Decorations] CAPPING events from decorations provider vscode.git 1845
[2021-04-21 15:29:02.545] [exthost] [warning] [Decorations] CAPPING events from decorations provider vscode.git 1845
[2021-04-21 15:29:08.022] [exthost] [warning] [Decorations] CAPPING events from decorations provider vscode.git 1845
[2021-04-21 15:29:13.490] [exthost] [warning] [Decorations] CAPPING events from decorations provider vscode.git 1845
[2021-04-21 15:29:18.878] [exthost] [warning] [Decorations] CAPPING events from decorations provider vscode.git 1845
[2021-04-21 15:29:24.564] [exthost] [warning] [Decorations] CAPPING events from decorations provider vscode.git 1845
[2021-04-21 15:29:30.286] [exthost] [warning] [Decorations] CAPPING events from decorations provider vscode.git 1845
[2021-04-21 15:29:35.707] [exthost] [warning] [Decorations] CAPPING events from decorations provider vscode.git 1845
[2021-04-21 15:29:41.086] [exthost] [warning] [Decorations] CAPPING events from decorations provider vscode.git 1845
[2021-04-21 15:29:46.494] [exthost] [warning] [Decorations] CAPPING events from decorations provider vscode.git 1845
[2021-04-21 15:29:52.021] [exthost] [warning] [Decorations] CAPPING events from decorations provider vscode.git 1845
[2021-04-21 15:29:57.575] [exthost] [warning] [Decorations] CAPPING events from decorations provider vscode.git 1845
[2021-04-21 15:30:02.992] [exthost] [warning] [Decorations] CAPPING events from decorations provider vscode.git 1845
[2021-04-21 15:30:08.580] [exthost] [warning] [Decorations] CAPPING events from decorations provider vscode.git 1845
[2021-04-21 15:30:14.581] [exthost] [warning] [Decorations] CAPPING events from decorations provider vscode.git 1845
[2021-04-21 15:30:19.974] [exthost] [warning] [Decorations] CAPPING events from decorations provider vscode.git 1845
[2021-04-21 15:30:25.398] [exthost] [warning] [Decorations] CAPPING events from decorations provider vscode.git 1845
[2021-04-21 15:30:30.929] [exthost] [warning] [Decorations] CAPPING events from decorations provider vscode.git 1845
[2021-04-21 15:30:36.486] [exthost] [warning] [Decorations] CAPPING events from decorations provider vscode.git 1845
[2021-04-21 15:30:41.868] [exthost] [warning] [Decorations] CAPPING events from decorations provider vscode.git 1845
[2021-04-21 15:30:47.297] [exthost] [warning] [Decorations] CAPPING events from decorations provider vscode.git 1845
[2021-04-21 15:30:52.813] [exthost] [warning] [Decorations] CAPPING events from decorations provider vscode.git 1845
[2021-04-21 15:30:58.428] [exthost] [warning] [Decorations] CAPPING events from decorations provider vscode.git 1845
[2021-04-21 15:31:04.093] [exthost] [warning] [Decorations] CAPPING events from decorations provider vscode.git 1845
[2021-04-21 15:31:09.547] [exthost] [warning] [Decorations] CAPPING events from decorations provider vscode.git 1845
[2021-04-21 15:31:25.740] [exthost] [warning] [Decorations] CAPPING events from decorations provider vscode.git 1845
[2021-04-21 15:31:31.418] [exthost] [warning] [Decorations] CAPPING events from decorations provider vscode.git 1845
[2021-04-21 15:31:36.848] [exthost] [warning] [Decorations] CAPPING events from decorations provider vscode.git 1845
[2021-04-21 15:31:42.209] [exthost] [warning] [Decorations] CAPPING events from decorations provider vscode.git 1845
[2021-04-21 15:31:47.610] [exthost] [warning] [Decorations] CAPPING events from decorations provider vscode.git 1845
[2021-04-21 15:31:52.970] [exthost] [warning] [Decorations] CAPPING events from decorations provider vscode.git 1845
[2021-04-21 15:32:18.786] [exthost] [warning] [Decorations] CAPPING events from decorations provider vscode.git 1845
[2021-04-21 15:32:24.186] [exthost] [warning] [Decorations] CAPPING events from decorations provider vscode.git 1845
[2021-04-21 15:32:29.693] [exthost] [warning] [Decorations] CAPPING events from decorations provider vscode.git 1845
[2021-04-21 15:32:35.231] [exthost] [warning] [Decorations] CAPPING events from decorations provider vscode.git 1845
[2021-04-21 15:32:42.532] [exthost] [warning] [Decorations] CAPPING events from decorations provider vscode.git 1845
[2021-04-21 15:32:47.898] [exthost] [warning] [Decorations] CAPPING events from decorations provider vscode.git 1845
[2021-04-21 15:32:53.314] [exthost] [warning] [Decorations] CAPPING events from decorations provider vscode.git 1845
[2021-04-21 15:32:58.684] [exthost] [warning] [Decorations] CAPPING events from decorations provider vscode.git 1845
[2021-04-21 15:33:04.298] [exthost] [warning] [Decorations] CAPPING events from decorations provider vscode.git 1845
[2021-04-21 15:33:12.171] [exthost] [warning] [Decorations] CAPPING events from decorations provider vscode.git 1845
[2021-04-21 15:33:19.120] [exthost] [warning] [Decorations] CAPPING events from decorations provider vscode.git 1845
[2021-04-21 15:33:24.723] [exthost] [warning] [Decorations] CAPPING events from decorations provider vscode.git 1845
[2021-04-21 15:33:30.102] [exthost] [warning] [Decorations] CAPPING events from decorations provider vscode.git 1845
[2021-04-21 15:33:36.120] [exthost] [warning] [Decorations] CAPPING events from decorations provider vscode.git 1845
[2021-04-21 15:33:41.583] [exthost] [warning] [Decorations] CAPPING events from decorations provider vscode.git 1845
[2021-04-21 15:33:47.660] [exthost] [warning] [Decorations] CAPPING events from decorations provider vscode.git 1845
[2021-04-21 15:33:53.216] [exthost] [warning] [Decorations] CAPPING events from decorations provider vscode.git 1845
[2021-04-21 15:34:09.437] [exthost] [warning] [Decorations] CAPPING events from decorations provider vscode.git 1845
[2021-04-21 15:34:14.815] [exthost] [warning] [Decorations] CAPPING events from decorations provider vscode.git 1845
[2021-04-21 15:34:20.314] [exthost] [warning] [Decorations] CAPPING events from decorations provider vscode.git 1845
[2021-04-21 15:34:25.711] [exthost] [warning] [Decorations] CAPPING events from decorations provider vscode.git 1845
[2021-04-21 15:34:31.298] [exthost] [warning] [Decorations] CAPPING events from decorations provider vscode.git 1845
[2021-04-21 15:34:36.676] [exthost] [warning] [Decorations] CAPPING events from decorations provider vscode.git 1845
[2021-04-21 15:34:52.339] [exthost] [warning] [Decorations] CAPPING events from decorations provider vscode.git 1845
[2021-04-21 15:34:59.821] [exthost] [warning] [Decorations] CAPPING events from decorations provider vscode.git 1845
[2021-04-21 15:35:05.231] [exthost] [warning] [Decorations] CAPPING events from decorations provider vscode.git 1845
[2021-04-21 15:35:10.750] [exthost] [warning] [Decorations] CAPPING events from decorations provider vscode.git 1845
[2021-04-21 15:35:16.270] [exthost] [warning] [Decorations] CAPPING events from decorations provider vscode.git 1845
[2021-04-21 15:35:21.693] [exthost] [warning] [Decorations] CAPPING events from decorations provider vscode.git 1845
[2021-04-21 15:35:27.292] [exthost] [warning] [Decorations] CAPPING events from decorations provider vscode.git 1845
[2021-04-21 15:35:32.679] [exthost] [warning] [Decorations] CAPPING events from decorations provider vscode.git 1845
[2021-04-21 15:35:38.107] [exthost] [warning] [Decorations] CAPPING events from decorations provider vscode.git 1845
[2021-04-21 15:35:50.858] [exthost] [warning] [Decorations] CAPPING events from decorations provider vscode.git 1845
[2021-04-21 15:35:56.240] [exthost] [warning] [Decorations] CAPPING events from decorations provider vscode.git 1845
[2021-04-21 15:36:24.240] [exthost] [warning] [Decorations] CAPPING events from decorations provider vscode.git 1845
[2021-04-21 15:36:29.646] [exthost] [warning] [Decorations] CAPPING events from decorations provider vscode.git 1845
[2021-04-21 15:36:35.066] [exthost] [warning] [Decorations] CAPPING events from decorations provider vscode.git 1845
[2021-04-21 15:36:39.737] [exthost] [info] ExtensionService#_doActivateExtension vscode.html-language-features {"startup":false,"extensionId":{"value":"vscode.html-language-features","_lower":"vscode.html-language-features"},"activationEvent":"onLanguage:html"}
[2021-04-21 15:36:39.738] [exthost] [info] ExtensionService#loadCommonJSModule file:///opt/odoo/.vscode-server/bin/3c4e3df9e89829dce27b7b5c24508306b151f30d/extensions/html-language-features/client/dist/node/htmlClientMain
[2021-04-21 15:36:39.822] [exthost] [info] ExtensionService#_doActivateExtension vscode.css-language-features {"startup":false,"extensionId":{"value":"vscode.css-language-features","_lower":"vscode.css-language-features"},"activationEvent":"onLanguage:css"}
[2021-04-21 15:36:39.822] [exthost] [info] ExtensionService#loadCommonJSModule file:///opt/odoo/.vscode-server/bin/3c4e3df9e89829dce27b7b5c24508306b151f30d/extensions/css-language-features/client/dist/node/cssClientMain
[2021-04-21 15:36:39.856] [exthost] [info] ExtensionService#_doActivateExtension vscode.configuration-editing {"startup":false,"extensionId":{"value":"vscode.configuration-editing","_lower":"vscode.configuration-editing"},"activationEvent":"onLanguage:json"}
[2021-04-21 15:36:39.856] [exthost] [info] ExtensionService#loadCommonJSModule file:///opt/odoo/.vscode-server/bin/3c4e3df9e89829dce27b7b5c24508306b151f30d/extensions/configuration-editing/dist/configurationEditingMain
[2021-04-21 15:36:39.861] [exthost] [info] ExtensionService#_doActivateExtension vscode.extension-editing {"startup":false,"extensionId":{"value":"vscode.extension-editing","_lower":"vscode.extension-editing"},"activationEvent":"onLanguage:json"}
[2021-04-21 15:36:39.861] [exthost] [info] ExtensionService#loadCommonJSModule file:///opt/odoo/.vscode-server/bin/3c4e3df9e89829dce27b7b5c24508306b151f30d/extensions/extension-editing/dist/extensionEditingMain
[2021-04-21 15:36:39.875] [exthost] [info] ExtensionService#_doActivateExtension vscode.json-language-features {"startup":false,"extensionId":{"value":"vscode.json-language-features","_lower":"vscode.json-language-features"},"activationEvent":"onLanguage:json"}
[2021-04-21 15:36:39.875] [exthost] [info] ExtensionService#loadCommonJSModule file:///opt/odoo/.vscode-server/bin/3c4e3df9e89829dce27b7b5c24508306b151f30d/extensions/json-language-features/client/dist/node/jsonClientMain
[2021-04-21 15:36:39.928] [exthost] [info] ExtensionService#_doActivateExtension vscode.npm {"startup":false,"extensionId":{"value":"vscode.npm","_lower":"vscode.npm"},"activationEvent":"onLanguage:json"}
[2021-04-21 15:36:39.928] [exthost] [info] ExtensionService#loadCommonJSModule file:///opt/odoo/.vscode-server/bin/3c4e3df9e89829dce27b7b5c24508306b151f30d/extensions/npm/dist/npmMain
[2021-04-21 15:36:40.997] [exthost] [info] ExtensionService#_doActivateExtension ecmel.vscode-html-css {"startup":false,"extensionId":{"value":"ecmel.vscode-html-css","_lower":"ecmel.vscode-html-css"},"activationEvent":"*"}
[2021-04-21 15:36:40.997] [exthost] [info] ExtensionService#loadCommonJSModule file:///opt/odoo/.vscode-server/extensions/ecmel.vscode-html-css-1.10.2/dist/extension.js
[2021-04-21 15:37:01.578] [exthost] [warning] [Decorations] CAPPING events from decorations provider vscode.git 1853
[2021-04-21 15:37:06.965] [exthost] [warning] [Decorations] CAPPING events from decorations provider vscode.git 1853
[2021-04-21 15:37:12.405] [exthost] [warning] [Decorations] CAPPING events from decorations provider vscode.git 1853
[2021-04-21 15:37:17.890] [exthost] [warning] [Decorations] CAPPING events from decorations provider vscode.git 1853
[2021-04-21 15:37:23.370] [exthost] [warning] [Decorations] CAPPING events from decorations provider vscode.git 1853
[2021-04-21 15:37:28.806] [exthost] [warning] [Decorations] CAPPING events from decorations provider vscode.git 1853
[2021-04-21 15:37:34.835] [exthost] [warning] [Decorations] CAPPING events from decorations provider vscode.git 1853
[2021-04-21 15:37:40.265] [exthost] [warning] [Decorations] CAPPING events from decorations provider vscode.git 1853
[2021-04-21 15:37:45.644] [exthost] [warning] [Decorations] CAPPING events from decorations provider vscode.git 1853
[2021-04-21 15:37:51.262] [exthost] [warning] [Decorations] CAPPING events from decorations provider vscode.git 1853
[2021-04-21 15:37:56.821] [exthost] [warning] [Decorations] CAPPING events from decorations provider vscode.git 1853
[2021-04-21 15:38:02.347] [exthost] [warning] [Decorations] CAPPING events from decorations provider vscode.git 1853
[2021-04-21 15:38:11.706] [exthost] [warning] [Decorations] CAPPING events from decorations provider vscode.git 1853
[2021-04-21 15:38:17.297] [exthost] [warning] [Decorations] CAPPING events from decorations provider vscode.git 1853
[2021-04-21 15:38:25.392] [exthost] [warning] [Decorations] CAPPING events from decorations provider vscode.git 1853
[2021-04-21 15:38:30.758] [exthost] [warning] [Decorations] CAPPING events from decorations provider vscode.git 1853
[2021-04-21 15:38:36.306] [exthost] [warning] [Decorations] CAPPING events from decorations provider vscode.git 1853
[2021-04-21 15:38:41.666] [exthost] [warning] [Decorations] CAPPING events from decorations provider vscode.git 1853
[2021-04-21 15:38:47.120] [exthost] [warning] [Decorations] CAPPING events from decorations provider vscode.git 1853
[2021-04-21 15:42:45.143] [exthost] [warning] [Decorations] CAPPING events from decorations provider vscode.git 1853
[2021-04-21 15:42:50.562] [exthost] [warning] [Decorations] CAPPING events from decorations provider vscode.git 1853
[2021-04-21 15:43:07.870] [exthost] [warning] [Decorations] CAPPING events from decorations provider vscode.git 1853
[2021-04-21 15:43:13.416] [exthost] [warning] [Decorations] CAPPING events from decorations provider vscode.git 1853
[2021-04-21 15:45:06.563] [exthost] [warning] [Decorations] CAPPING events from decorations provider vscode.git 1853
[2021-04-21 15:45:13.425] [exthost] [warning] [Decorations] CAPPING events from decorations provider vscode.git 1853
[2021-04-21 15:45:18.831] [exthost] [warning] [Decorations] CAPPING events from decorations provider vscode.git 1853
[2021-04-21 15:45:24.213] [exthost] [warning] [Decorations] CAPPING events from decorations provider vscode.git 1853
[2021-04-21 15:45:39.333] [exthost] [warning] [Decorations] CAPPING events from decorations provider vscode.git 1853
[2021-04-21 15:45:45.284] [exthost] [warning] [Decorations] CAPPING events from decorations provider vscode.git 1853
[2021-04-21 15:45:50.648] [exthost] [warning] [Decorations] CAPPING events from decorations provider vscode.git 1853
[2021-04-21 15:45:56.124] [exthost] [warning] [Decorations] CAPPING events from decorations provider vscode.git 1853
[2021-04-21 15:46:02.697] [exthost] [warning] [Decorations] CAPPING events from decorations provider vscode.git 1853
[2021-04-21 15:46:08.581] [exthost] [warning] [Decorations] CAPPING events from decorations provider vscode.git 1853
[2021-04-21 15:46:15.762] [exthost] [warning] [Decorations] CAPPING events from decorations provider vscode.git 1853
[2021-04-21 15:46:24.096] [exthost] [warning] [Decorations] CAPPING events from decorations provider vscode.git 1853
[2021-04-21 15:47:19.918] [exthost] [warning] [Decorations] CAPPING events from decorations provider vscode.git 1853
[2021-04-21 15:47:29.452] [exthost] [warning] [Decorations] CAPPING events from decorations provider vscode.git 1853
[2021-04-21 15:47:35.147] [exthost] [warning] [Decorations] CAPPING events from decorations provider vscode.git 1853
[2021-04-21 15:47:40.696] [exthost] [warning] [Decorations] CAPPING events from decorations provider vscode.git 1853
[2021-04-21 15:48:41.999] [exthost] [warning] [Decorations] CAPPING events from decorations provider vscode.git 1853
[2021-04-21 15:49:11.722] [exthost] [warning] [Decorations] CAPPING events from decorations provider vscode.git 1853
[2021-04-21 15:49:17.228] [exthost] [warning] [Decorations] CAPPING events from decorations provider vscode.git 1853
[2021-04-21 15:49:25.389] [exthost] [warning] [Decorations] CAPPING events from decorations provider vscode.git 1853
[2021-04-21 15:50:38.691] [exthost] [warning] [Decorations] CAPPING events from decorations provider vscode.git 1853
[2021-04-21 15:50:44.102] [exthost] [warning] [Decorations] CAPPING events from decorations provider vscode.git 1853
[2021-04-21 15:50:49.445] [exthost] [warning] [Decorations] CAPPING events from decorations provider vscode.git 1853
[2021-04-21 15:50:54.973] [exthost] [warning] [Decorations] CAPPING events from decorations provider vscode.git 1853
[2021-04-21 15:51:00.628] [exthost] [warning] [Decorations] CAPPING events from decorations provider vscode.git 1853
[2021-04-21 15:52:08.991] [exthost] [warning] [Decorations] CAPPING events from decorations provider vscode.git 1853
[2021-04-21 15:52:48.905] [exthost] [warning] [Decorations] CAPPING events from decorations provider vscode.git 1853
[2021-04-21 15:52:55.492] [exthost] [warning] [Decorations] CAPPING events from decorations provider vscode.git 1853
[2021-04-21 15:53:00.937] [exthost] [warning] [Decorations] CAPPING events from decorations provider vscode.git 1853
[2021-04-21 15:53:07.379] [exthost] [warning] [Decorations] CAPPING events from decorations provider vscode.git 1853
[2021-04-21 15:53:18.282] [exthost] [warning] [Decorations] CAPPING events from decorations provider vscode.git 1853
[2021-04-21 15:57:17.463] [exthost] [warning] [Decorations] CAPPING events from decorations provider vscode.git 1853
[2021-04-21 15:57:22.826] [exthost] [warning] [Decorations] CAPPING events from decorations provider vscode.git 1853
[2021-04-21 15:57:28.290] [exthost] [warning] [Decorations] CAPPING events from decorations provider vscode.git 1853
[2021-04-21 15:57:33.669] [exthost] [warning] [Decorations] CAPPING events from decorations provider vscode.git 1853
[2021-04-21 15:58:14.835] [exthost] [warning] [Decorations] CAPPING events from decorations provider vscode.git 1853
[2021-04-21 15:58:24.345] [exthost] [warning] [Decorations] CAPPING events from decorations provider vscode.git 1853
[2021-04-21 16:00:34.670] [exthost] [warning] [Decorations] CAPPING events from decorations provider vscode.git 1853
[2021-04-21 16:00:36.409] [exthost] [info] extension host terminating: received terminate message from renderer
[2021-04-21 16:00:37.431] [exthost] [info] exiting with code 0
