[2021-04-21 09:48:34.997] [exthost] [info] extension host started
[2021-04-21 09:48:36.690] [exthost] [info] ExtensionService#_doActivateExtension vscode.debug-auto-launch {"startup":true,"extensionId":{"value":"vscode.debug-auto-launch","_lower":"vscode.debug-auto-launch"},"activationEvent":"*"}
[2021-04-21 09:48:36.690] [exthost] [info] ExtensionService#loadCommonJSModule file:///opt/odoo/.vscode-server/bin/3c4e3df9e89829dce27b7b5c24508306b151f30d/extensions/debug-auto-launch/dist/extension
[2021-04-21 09:48:36.696] [exthost] [info] ExtensionService#_doActivateExtension vscode.git {"startup":true,"extensionId":{"value":"vscode.github","_lower":"vscode.github"},"activationEvent":"*"}
[2021-04-21 09:48:36.696] [exthost] [info] ExtensionService#loadCommonJSModule file:///opt/odoo/.vscode-server/bin/3c4e3df9e89829dce27b7b5c24508306b151f30d/extensions/git/dist/main
[2021-04-21 09:48:37.288] [exthost] [info] ExtensionService#_doActivateExtension vscode.github {"startup":true,"extensionId":{"value":"vscode.github","_lower":"vscode.github"},"activationEvent":"*"}
[2021-04-21 09:48:37.288] [exthost] [info] ExtensionService#loadCommonJSModule file:///opt/odoo/.vscode-server/bin/3c4e3df9e89829dce27b7b5c24508306b151f30d/extensions/github/dist/extension.js
[2021-04-21 09:48:37.480] [exthost] [info] ExtensionService#_doActivateExtension vscode.emmet {"startup":false,"extensionId":{"value":"vscode.emmet","_lower":"vscode.emmet"},"activationEvent":"onStartupFinished"}
[2021-04-21 09:48:37.481] [exthost] [info] ExtensionService#loadCommonJSModule file:///opt/odoo/.vscode-server/bin/3c4e3df9e89829dce27b7b5c24508306b151f30d/extensions/emmet/dist/node/emmetNodeMain
[2021-04-21 09:48:37.518] [exthost] [info] ExtensionService#_doActivateExtension vscode.merge-conflict {"startup":false,"extensionId":{"value":"vscode.merge-conflict","_lower":"vscode.merge-conflict"},"activationEvent":"onStartupFinished"}
[2021-04-21 09:48:37.518] [exthost] [info] ExtensionService#loadCommonJSModule file:///opt/odoo/.vscode-server/bin/3c4e3df9e89829dce27b7b5c24508306b151f30d/extensions/merge-conflict/dist/mergeConflictMain
[2021-04-21 09:48:37.526] [exthost] [info] ExtensionService#_doActivateExtension vscode.testing-editor-contributions {"startup":false,"extensionId":{"value":"vscode.testing-editor-contributions","_lower":"vscode.testing-editor-contributions"},"activationEvent":"onStartupFinished"}
[2021-04-21 09:48:37.527] [exthost] [info] ExtensionService#loadCommonJSModule file:///opt/odoo/.vscode-server/bin/3c4e3df9e89829dce27b7b5c24508306b151f30d/extensions/testing-editor-contributions/dist/extension.js
[2021-04-21 09:48:37.528] [exthost] [info] eager extensions activated
[2021-04-21 09:48:37.613] [exthost] [info] ExtensionService#_doActivateExtension ms-vscode.js-debug {"startup":false,"extensionId":{"value":"ms-vscode.js-debug","_lower":"ms-vscode.js-debug"},"activationEvent":"onCommand:extension.js-debug.clearAutoAttachVariables"}
[2021-04-21 09:48:37.613] [exthost] [info] ExtensionService#loadCommonJSModule file:///opt/odoo/.vscode-server/bin/3c4e3df9e89829dce27b7b5c24508306b151f30d/extensions/ms-vscode.js-debug/src/extension.js
[2021-04-21 09:48:38.269] [exthost] [warning] [Decorations] CAPPING events from decorations provider vscode.git 1825
[2021-04-21 09:49:01.147] [exthost] [warning] [Decorations] CAPPING events from decorations provider vscode.git 1825
[2021-04-21 09:49:06.598] [exthost] [warning] [Decorations] CAPPING events from decorations provider vscode.git 1825
[2021-04-21 09:49:12.020] [exthost] [warning] [Decorations] CAPPING events from decorations provider vscode.git 1825
[2021-04-21 09:54:35.838] [exthost] [warning] [Decorations] CAPPING events from decorations provider vscode.git 1825
[2021-04-21 09:54:41.902] [exthost] [warning] [Decorations] CAPPING events from decorations provider vscode.git 1825
[2021-04-21 09:54:47.294] [exthost] [warning] [Decorations] CAPPING events from decorations provider vscode.git 1825
[2021-04-21 09:54:52.918] [exthost] [warning] [Decorations] CAPPING events from decorations provider vscode.git 1825
[2021-04-21 09:55:01.555] [exthost] [info] ExtensionService#_doActivateExtension vscode.configuration-editing {"startup":false,"extensionId":{"value":"vscode.configuration-editing","_lower":"vscode.configuration-editing"},"activationEvent":"onLanguage:jsonc"}
[2021-04-21 09:55:01.555] [exthost] [info] ExtensionService#loadCommonJSModule file:///opt/odoo/.vscode-server/bin/3c4e3df9e89829dce27b7b5c24508306b151f30d/extensions/configuration-editing/dist/configurationEditingMain
[2021-04-21 09:55:01.573] [exthost] [info] ExtensionService#_doActivateExtension vscode.json-language-features {"startup":false,"extensionId":{"value":"vscode.json-language-features","_lower":"vscode.json-language-features"},"activationEvent":"onLanguage:jsonc"}
[2021-04-21 09:55:01.573] [exthost] [info] ExtensionService#loadCommonJSModule file:///opt/odoo/.vscode-server/bin/3c4e3df9e89829dce27b7b5c24508306b151f30d/extensions/json-language-features/client/dist/node/jsonClientMain
[2021-04-21 09:55:01.645] [exthost] [info] ExtensionService#_doActivateExtension vscode.typescript-language-features {"startup":false,"extensionId":{"value":"vscode.typescript-language-features","_lower":"vscode.typescript-language-features"},"activationEvent":"onLanguage:jsonc"}
[2021-04-21 09:55:01.645] [exthost] [info] ExtensionService#loadCommonJSModule file:///opt/odoo/.vscode-server/bin/3c4e3df9e89829dce27b7b5c24508306b151f30d/extensions/typescript-language-features/dist/extension
[2021-04-21 09:56:02.116] [exthost] [warning] [Decorations] CAPPING events from decorations provider vscode.git 1825
[2021-04-21 09:56:07.649] [exthost] [warning] [Decorations] CAPPING events from decorations provider vscode.git 1824
[2021-04-21 09:56:14.995] [exthost] [warning] [Decorations] CAPPING events from decorations provider vscode.git 1824
[2021-04-21 09:56:20.363] [exthost] [warning] [Decorations] CAPPING events from decorations provider vscode.git 1824
[2021-04-21 09:56:25.781] [exthost] [warning] [Decorations] CAPPING events from decorations provider vscode.git 1824
[2021-04-21 09:56:31.312] [exthost] [warning] [Decorations] CAPPING events from decorations provider vscode.git 1824
[2021-04-21 10:01:03.311] [exthost] [warning] [Decorations] CAPPING events from decorations provider vscode.git 1824
[2021-04-21 10:02:38.470] [exthost] [warning] [Decorations] CAPPING events from decorations provider vscode.git 1824
[2021-04-21 10:02:43.886] [exthost] [warning] [Decorations] CAPPING events from decorations provider vscode.git 1824
[2021-04-21 10:02:49.417] [exthost] [warning] [Decorations] CAPPING events from decorations provider vscode.git 1824
[2021-04-21 10:02:54.968] [exthost] [warning] [Decorations] CAPPING events from decorations provider vscode.git 1824
[2021-04-21 10:03:00.355] [exthost] [warning] [Decorations] CAPPING events from decorations provider vscode.git 1824
[2021-04-21 10:03:05.800] [exthost] [warning] [Decorations] CAPPING events from decorations provider vscode.git 1824
[2021-04-21 10:03:11.405] [exthost] [warning] [Decorations] CAPPING events from decorations provider vscode.git 1824
[2021-04-21 10:03:16.859] [exthost] [warning] [Decorations] CAPPING events from decorations provider vscode.git 1824
[2021-04-21 10:03:23.841] [exthost] [warning] [Decorations] CAPPING events from decorations provider vscode.git 1824
[2021-04-21 10:03:29.277] [exthost] [warning] [Decorations] CAPPING events from decorations provider vscode.git 1824
[2021-04-21 10:04:13.090] [exthost] [warning] [Decorations] CAPPING events from decorations provider vscode.git 1824
[2021-04-21 10:04:18.585] [exthost] [warning] [Decorations] CAPPING events from decorations provider vscode.git 1824
[2021-04-21 10:04:24.229] [exthost] [warning] [Decorations] CAPPING events from decorations provider vscode.git 1824
[2021-04-21 10:04:29.706] [exthost] [warning] [Decorations] CAPPING events from decorations provider vscode.git 1824
[2021-04-21 10:04:37.509] [exthost] [warning] [Decorations] CAPPING events from decorations provider vscode.git 1824
[2021-04-21 10:04:43.909] [exthost] [warning] [Decorations] CAPPING events from decorations provider vscode.git 1824
[2021-04-21 10:04:49.336] [exthost] [warning] [Decorations] CAPPING events from decorations provider vscode.git 1824
[2021-04-21 10:04:54.890] [exthost] [warning] [Decorations] CAPPING events from decorations provider vscode.git 1824
[2021-04-21 10:05:00.278] [exthost] [warning] [Decorations] CAPPING events from decorations provider vscode.git 1824
[2021-04-21 10:05:05.887] [exthost] [warning] [Decorations] CAPPING events from decorations provider vscode.git 1824
[2021-04-21 10:06:17.493] [exthost] [warning] [Decorations] CAPPING events from decorations provider vscode.git 1824
[2021-04-21 10:06:22.954] [exthost] [warning] [Decorations] CAPPING events from decorations provider vscode.git 1824
[2021-04-21 10:06:28.386] [exthost] [warning] [Decorations] CAPPING events from decorations provider vscode.git 1824
[2021-04-21 10:06:37.088] [exthost] [warning] [Decorations] CAPPING events from decorations provider vscode.git 1824
[2021-04-21 10:06:43.159] [exthost] [warning] [Decorations] CAPPING events from decorations provider vscode.git 1824
[2021-04-21 10:06:48.614] [exthost] [warning] [Decorations] CAPPING events from decorations provider vscode.git 1824
[2021-04-21 10:06:54.106] [exthost] [warning] [Decorations] CAPPING events from decorations provider vscode.git 1824
[2021-04-21 10:23:57.131] [exthost] [warning] [Decorations] CAPPING events from decorations provider vscode.git 1824
[2021-04-21 10:24:05.053] [exthost] [warning] [Decorations] CAPPING events from decorations provider vscode.git 1824
[2021-04-21 10:24:10.474] [exthost] [warning] [Decorations] CAPPING events from decorations provider vscode.git 1824
[2021-04-21 10:24:15.837] [exthost] [warning] [Decorations] CAPPING events from decorations provider vscode.git 1824
[2021-04-21 10:24:21.295] [exthost] [warning] [Decorations] CAPPING events from decorations provider vscode.git 1824
[2021-04-21 10:24:26.741] [exthost] [warning] [Decorations] CAPPING events from decorations provider vscode.git 1824
[2021-04-21 10:24:32.356] [exthost] [warning] [Decorations] CAPPING events from decorations provider vscode.git 1824
[2021-04-21 10:24:37.891] [exthost] [warning] [Decorations] CAPPING events from decorations provider vscode.git 1824
[2021-04-21 10:24:43.449] [exthost] [warning] [Decorations] CAPPING events from decorations provider vscode.git 1824
[2021-04-21 10:24:49.003] [exthost] [warning] [Decorations] CAPPING events from decorations provider vscode.git 1824
[2021-04-21 10:24:56.731] [exthost] [warning] [Decorations] CAPPING events from decorations provider vscode.git 1824
[2021-04-21 10:26:20.288] [exthost] [warning] [Decorations] CAPPING events from decorations provider vscode.git 1824
[2021-04-21 10:26:26.480] [exthost] [warning] [Decorations] CAPPING events from decorations provider vscode.git 1824
[2021-04-21 10:26:31.881] [exthost] [warning] [Decorations] CAPPING events from decorations provider vscode.git 1824
[2021-04-21 10:26:37.376] [exthost] [warning] [Decorations] CAPPING events from decorations provider vscode.git 1824
[2021-04-21 10:27:18.514] [exthost] [warning] [Decorations] CAPPING events from decorations provider vscode.git 1824
[2021-04-21 10:27:24.336] [exthost] [warning] [Decorations] CAPPING events from decorations provider vscode.git 1824
[2021-04-21 10:27:29.698] [exthost] [warning] [Decorations] CAPPING events from decorations provider vscode.git 1824
[2021-04-21 10:27:50.393] [exthost] [warning] [Decorations] CAPPING events from decorations provider vscode.git 1824
[2021-04-21 10:27:56.441] [exthost] [warning] [Decorations] CAPPING events from decorations provider vscode.git 1824
[2021-04-21 10:28:07.215] [exthost] [warning] [Decorations] CAPPING events from decorations provider vscode.git 1824
[2021-04-21 10:28:30.650] [exthost] [warning] [Decorations] CAPPING events from decorations provider vscode.git 1824
[2021-04-21 10:28:37.776] [exthost] [warning] [Decorations] CAPPING events from decorations provider vscode.git 1824
[2021-04-21 10:28:43.214] [exthost] [warning] [Decorations] CAPPING events from decorations provider vscode.git 1824
[2021-04-21 10:28:49.544] [exthost] [warning] [Decorations] CAPPING events from decorations provider vscode.git 1824
[2021-04-21 10:29:51.040] [exthost] [warning] [Decorations] CAPPING events from decorations provider vscode.git 1824
[2021-04-21 10:29:56.489] [exthost] [warning] [Decorations] CAPPING events from decorations provider vscode.git 1824
[2021-04-21 10:30:01.989] [exthost] [warning] [Decorations] CAPPING events from decorations provider vscode.git 1824
[2021-04-21 10:30:08.528] [exthost] [warning] [Decorations] CAPPING events from decorations provider vscode.git 1824
[2021-04-21 10:30:14.100] [exthost] [warning] [Decorations] CAPPING events from decorations provider vscode.git 1824
[2021-04-21 10:30:19.632] [exthost] [warning] [Decorations] CAPPING events from decorations provider vscode.git 1824
[2021-04-21 10:30:36.713] [exthost] [warning] [Decorations] CAPPING events from decorations provider vscode.git 1824
[2021-04-21 10:30:42.157] [exthost] [warning] [Decorations] CAPPING events from decorations provider vscode.git 1824
[2021-04-21 10:30:47.689] [exthost] [warning] [Decorations] CAPPING events from decorations provider vscode.git 1824
[2021-04-21 10:30:54.874] [exthost] [warning] [Decorations] CAPPING events from decorations provider vscode.git 1824
[2021-04-21 10:31:00.317] [exthost] [warning] [Decorations] CAPPING events from decorations provider vscode.git 1824
[2021-04-21 10:31:10.850] [exthost] [warning] [Decorations] CAPPING events from decorations provider vscode.git 1824
[2021-04-21 10:31:16.220] [exthost] [warning] [Decorations] CAPPING events from decorations provider vscode.git 1824
[2021-04-21 10:31:21.738] [exthost] [warning] [Decorations] CAPPING events from decorations provider vscode.git 1824
[2021-04-21 10:37:10.850] [exthost] [warning] [Decorations] CAPPING events from decorations provider vscode.git 1824
[2021-04-21 10:39:14.587] [exthost] [warning] [Decorations] CAPPING events from decorations provider vscode.git 1824
[2021-04-21 10:39:20.023] [exthost] [warning] [Decorations] CAPPING events from decorations provider vscode.git 1824
[2021-04-21 10:39:28.159] [exthost] [warning] [Decorations] CAPPING events from decorations provider vscode.git 1824
[2021-04-21 10:39:43.084] [exthost] [warning] [Decorations] CAPPING events from decorations provider vscode.git 1824
[2021-04-21 10:39:48.511] [exthost] [warning] [Decorations] CAPPING events from decorations provider vscode.git 1824
[2021-04-21 10:39:55.237] [exthost] [warning] [Decorations] CAPPING events from decorations provider vscode.git 1824
[2021-04-21 10:40:01.942] [exthost] [warning] [Decorations] CAPPING events from decorations provider vscode.git 1824
[2021-04-21 10:40:07.327] [exthost] [warning] [Decorations] CAPPING events from decorations provider vscode.git 1824
[2021-04-21 10:40:12.702] [exthost] [warning] [Decorations] CAPPING events from decorations provider vscode.git 1824
[2021-04-21 10:40:18.307] [exthost] [warning] [Decorations] CAPPING events from decorations provider vscode.git 1824
[2021-04-21 10:40:23.714] [exthost] [warning] [Decorations] CAPPING events from decorations provider vscode.git 1824
[2021-04-21 10:40:29.130] [exthost] [warning] [Decorations] CAPPING events from decorations provider vscode.git 1824
[2021-04-21 10:41:12.422] [exthost] [warning] [Decorations] CAPPING events from decorations provider vscode.git 1824
[2021-04-21 10:41:17.802] [exthost] [warning] [Decorations] CAPPING events from decorations provider vscode.git 1824
[2021-04-21 10:42:17.667] [exthost] [warning] [Decorations] CAPPING events from decorations provider vscode.git 1824
[2021-04-21 11:08:45.104] [exthost] [warning] [Decorations] CAPPING events from decorations provider vscode.git 1824
[2021-04-21 11:08:51.690] [exthost] [warning] [Decorations] CAPPING events from decorations provider vscode.git 1824
[2021-04-21 11:08:57.594] [exthost] [warning] [Decorations] CAPPING events from decorations provider vscode.git 1824
[2021-04-21 11:09:02.994] [exthost] [warning] [Decorations] CAPPING events from decorations provider vscode.git 1824
[2021-04-21 11:09:21.101] [exthost] [warning] [Decorations] CAPPING events from decorations provider vscode.git 1824
[2021-04-21 11:09:26.646] [exthost] [warning] [Decorations] CAPPING events from decorations provider vscode.git 1824
[2021-04-21 11:09:33.341] [exthost] [warning] [Decorations] CAPPING events from decorations provider vscode.git 1824
[2021-04-21 11:09:45.969] [exthost] [warning] [Decorations] CAPPING events from decorations provider vscode.git 1824
[2021-04-21 11:09:51.412] [exthost] [warning] [Decorations] CAPPING events from decorations provider vscode.git 1824
[2021-04-21 11:09:56.876] [exthost] [warning] [Decorations] CAPPING events from decorations provider vscode.git 1824
[2021-04-21 11:10:02.483] [exthost] [warning] [Decorations] CAPPING events from decorations provider vscode.git 1824
[2021-04-21 11:10:19.460] [exthost] [warning] [Decorations] CAPPING events from decorations provider vscode.git 1824
[2021-04-21 11:10:24.973] [exthost] [warning] [Decorations] CAPPING events from decorations provider vscode.git 1824
[2021-04-21 11:10:45.028] [exthost] [warning] [Decorations] CAPPING events from decorations provider vscode.git 1824
[2021-04-21 11:10:51.719] [exthost] [warning] [Decorations] CAPPING events from decorations provider vscode.git 1824
[2021-04-21 11:10:57.154] [exthost] [warning] [Decorations] CAPPING events from decorations provider vscode.git 1824
[2021-04-21 11:11:17.719] [exthost] [warning] [Decorations] CAPPING events from decorations provider vscode.git 1824
[2021-04-21 11:15:38.520] [exthost] [warning] [Decorations] CAPPING events from decorations provider vscode.git 1824
[2021-04-21 11:15:44.159] [exthost] [warning] [Decorations] CAPPING events from decorations provider vscode.git 1824
[2021-04-21 11:15:49.647] [exthost] [warning] [Decorations] CAPPING events from decorations provider vscode.git 1824
[2021-04-21 11:16:58.464] [exthost] [warning] [Decorations] CAPPING events from decorations provider vscode.git 1824
[2021-04-21 11:17:03.893] [exthost] [warning] [Decorations] CAPPING events from decorations provider vscode.git 1824
[2021-04-21 11:17:09.439] [exthost] [warning] [Decorations] CAPPING events from decorations provider vscode.git 1824
[2021-04-21 11:17:15.051] [exthost] [warning] [Decorations] CAPPING events from decorations provider vscode.git 1824
[2021-04-21 11:17:20.452] [exthost] [warning] [Decorations] CAPPING events from decorations provider vscode.git 1824
[2021-04-21 11:17:26.084] [exthost] [warning] [Decorations] CAPPING events from decorations provider vscode.git 1824
[2021-04-21 11:17:31.665] [exthost] [warning] [Decorations] CAPPING events from decorations provider vscode.git 1824
[2021-04-21 11:18:01.407] [exthost] [warning] [Decorations] CAPPING events from decorations provider vscode.git 1824
[2021-04-21 11:18:08.480] [exthost] [warning] [Decorations] CAPPING events from decorations provider vscode.git 1824
[2021-04-21 11:18:14.294] [exthost] [warning] [Decorations] CAPPING events from decorations provider vscode.git 1824
[2021-04-21 11:18:22.481] [exthost] [warning] [Decorations] CAPPING events from decorations provider vscode.git 1824
[2021-04-21 11:18:27.917] [exthost] [warning] [Decorations] CAPPING events from decorations provider vscode.git 1824
[2021-04-21 11:18:33.345] [exthost] [warning] [Decorations] CAPPING events from decorations provider vscode.git 1824
[2021-04-21 11:18:38.838] [exthost] [warning] [Decorations] CAPPING events from decorations provider vscode.git 1824
[2021-04-21 11:18:44.558] [exthost] [warning] [Decorations] CAPPING events from decorations provider vscode.git 1824
[2021-04-21 11:18:50.107] [exthost] [warning] [Decorations] CAPPING events from decorations provider vscode.git 1824
[2021-04-21 11:18:55.652] [exthost] [warning] [Decorations] CAPPING events from decorations provider vscode.git 1824
[2021-04-21 11:19:01.047] [exthost] [warning] [Decorations] CAPPING events from decorations provider vscode.git 1824
[2021-04-21 11:19:06.458] [exthost] [warning] [Decorations] CAPPING events from decorations provider vscode.git 1824
[2021-04-21 11:19:11.946] [exthost] [warning] [Decorations] CAPPING events from decorations provider vscode.git 1824
[2021-04-21 11:20:05.757] [exthost] [warning] [Decorations] CAPPING events from decorations provider vscode.git 1824
[2021-04-21 11:20:11.211] [exthost] [warning] [Decorations] CAPPING events from decorations provider vscode.git 1824
[2021-04-21 11:20:16.618] [exthost] [warning] [Decorations] CAPPING events from decorations provider vscode.git 1824
[2021-04-21 11:38:24.460] [exthost] [warning] [Decorations] CAPPING events from decorations provider vscode.git 1824
[2021-04-21 11:38:30.051] [exthost] [warning] [Decorations] CAPPING events from decorations provider vscode.git 1824
[2021-04-21 11:38:35.599] [exthost] [warning] [Decorations] CAPPING events from decorations provider vscode.git 1824
[2021-04-21 11:51:26.624] [exthost] [warning] [Decorations] CAPPING events from decorations provider vscode.git 1824
[2021-04-21 11:51:33.723] [exthost] [warning] [Decorations] CAPPING events from decorations provider vscode.git 1824
[2021-04-21 11:51:43.209] [exthost] [warning] [Decorations] CAPPING events from decorations provider vscode.git 1824
[2021-04-21 14:28:10.515] [exthost] [info] extension host terminating: renderer disconnected for too long (2)
[2021-04-21 14:28:11.536] [exthost] [info] exiting with code 0
