[2021-04-21 07:32:50.592] [exthost] [info] extension host started
[2021-04-21 07:32:50.908] [exthost] [info] ExtensionService#_doActivateExtension vscode.debug-auto-launch {"startup":true,"extensionId":{"value":"vscode.debug-auto-launch","_lower":"vscode.debug-auto-launch"},"activationEvent":"*"}
[2021-04-21 07:32:50.909] [exthost] [info] ExtensionService#loadCommonJSModule file:///opt/odoo/.vscode-server/bin/3c4e3df9e89829dce27b7b5c24508306b151f30d/extensions/debug-auto-launch/dist/extension
[2021-04-21 07:32:50.916] [exthost] [info] ExtensionService#_doActivateExtension vscode.git {"startup":true,"extensionId":{"value":"vscode.github","_lower":"vscode.github"},"activationEvent":"*"}
[2021-04-21 07:32:50.917] [exthost] [info] ExtensionService#loadCommonJSModule file:///opt/odoo/.vscode-server/bin/3c4e3df9e89829dce27b7b5c24508306b151f30d/extensions/git/dist/main
[2021-04-21 07:32:52.323] [exthost] [info] ExtensionService#_doActivateExtension vscode.github {"startup":true,"extensionId":{"value":"vscode.github","_lower":"vscode.github"},"activationEvent":"*"}
[2021-04-21 07:32:52.323] [exthost] [info] ExtensionService#loadCommonJSModule file:///opt/odoo/.vscode-server/bin/3c4e3df9e89829dce27b7b5c24508306b151f30d/extensions/github/dist/extension.js
[2021-04-21 07:32:52.512] [exthost] [info] ExtensionService#_doActivateExtension vscode.emmet {"startup":false,"extensionId":{"value":"vscode.emmet","_lower":"vscode.emmet"},"activationEvent":"onStartupFinished"}
[2021-04-21 07:32:52.514] [exthost] [info] ExtensionService#loadCommonJSModule file:///opt/odoo/.vscode-server/bin/3c4e3df9e89829dce27b7b5c24508306b151f30d/extensions/emmet/dist/node/emmetNodeMain
[2021-04-21 07:32:52.603] [exthost] [info] ExtensionService#_doActivateExtension vscode.merge-conflict {"startup":false,"extensionId":{"value":"vscode.merge-conflict","_lower":"vscode.merge-conflict"},"activationEvent":"onStartupFinished"}
[2021-04-21 07:32:52.603] [exthost] [info] ExtensionService#loadCommonJSModule file:///opt/odoo/.vscode-server/bin/3c4e3df9e89829dce27b7b5c24508306b151f30d/extensions/merge-conflict/dist/mergeConflictMain
[2021-04-21 07:32:52.616] [exthost] [info] ExtensionService#_doActivateExtension vscode.testing-editor-contributions {"startup":false,"extensionId":{"value":"vscode.testing-editor-contributions","_lower":"vscode.testing-editor-contributions"},"activationEvent":"onStartupFinished"}
[2021-04-21 07:32:52.616] [exthost] [info] ExtensionService#loadCommonJSModule file:///opt/odoo/.vscode-server/bin/3c4e3df9e89829dce27b7b5c24508306b151f30d/extensions/testing-editor-contributions/dist/extension.js
[2021-04-21 07:32:52.618] [exthost] [info] eager extensions activated
[2021-04-21 07:32:52.624] [exthost] [info] ExtensionService#_doActivateExtension ms-vscode.js-debug {"startup":false,"extensionId":{"value":"ms-vscode.js-debug","_lower":"ms-vscode.js-debug"},"activationEvent":"onCommand:extension.js-debug.clearAutoAttachVariables"}
[2021-04-21 07:32:52.624] [exthost] [info] ExtensionService#loadCommonJSModule file:///opt/odoo/.vscode-server/bin/3c4e3df9e89829dce27b7b5c24508306b151f30d/extensions/ms-vscode.js-debug/src/extension.js
[2021-04-21 07:32:53.687] [exthost] [warning] [Decorations] CAPPING events from decorations provider vscode.git 1818
[2021-04-21 07:33:20.042] [exthost] [info] ExtensionService#_doActivateExtension vscode.configuration-editing {"startup":false,"extensionId":{"value":"vscode.configuration-editing","_lower":"vscode.configuration-editing"},"activationEvent":"onLanguage:jsonc"}
[2021-04-21 07:33:20.042] [exthost] [info] ExtensionService#loadCommonJSModule file:///opt/odoo/.vscode-server/bin/3c4e3df9e89829dce27b7b5c24508306b151f30d/extensions/configuration-editing/dist/configurationEditingMain
[2021-04-21 07:33:20.049] [exthost] [info] ExtensionService#_doActivateExtension vscode.json-language-features {"startup":false,"extensionId":{"value":"vscode.json-language-features","_lower":"vscode.json-language-features"},"activationEvent":"onLanguage:jsonc"}
[2021-04-21 07:33:20.049] [exthost] [info] ExtensionService#loadCommonJSModule file:///opt/odoo/.vscode-server/bin/3c4e3df9e89829dce27b7b5c24508306b151f30d/extensions/json-language-features/client/dist/node/jsonClientMain
[2021-04-21 07:33:20.122] [exthost] [info] ExtensionService#_doActivateExtension vscode.typescript-language-features {"startup":false,"extensionId":{"value":"vscode.typescript-language-features","_lower":"vscode.typescript-language-features"},"activationEvent":"onLanguage:jsonc"}
[2021-04-21 07:33:20.122] [exthost] [info] ExtensionService#loadCommonJSModule file:///opt/odoo/.vscode-server/bin/3c4e3df9e89829dce27b7b5c24508306b151f30d/extensions/typescript-language-features/dist/extension
[2021-04-21 07:40:43.527] [exthost] [warning] [Decorations] CAPPING events from decorations provider vscode.git 1818
[2021-04-21 07:40:48.906] [exthost] [warning] [Decorations] CAPPING events from decorations provider vscode.git 1818
[2021-04-21 07:40:55.013] [exthost] [warning] [Decorations] CAPPING events from decorations provider vscode.git 1818
[2021-04-21 07:41:07.666] [exthost] [warning] [Decorations] CAPPING events from decorations provider vscode.git 1818
[2021-04-21 07:41:16.807] [exthost] [warning] [Decorations] CAPPING events from decorations provider vscode.git 1818
[2021-04-21 07:41:26.315] [exthost] [warning] [Decorations] CAPPING events from decorations provider vscode.git 1818
[2021-04-21 07:41:31.749] [exthost] [warning] [Decorations] CAPPING events from decorations provider vscode.git 1818
[2021-04-21 07:45:19.229] [exthost] [warning] [Decorations] CAPPING events from decorations provider vscode.git 1818
[2021-04-21 07:45:26.203] [exthost] [warning] [Decorations] CAPPING events from decorations provider vscode.git 1818
[2021-04-21 07:45:31.559] [exthost] [warning] [Decorations] CAPPING events from decorations provider vscode.git 1818
[2021-04-21 07:45:36.934] [exthost] [warning] [Decorations] CAPPING events from decorations provider vscode.git 1818
[2021-04-21 07:45:42.296] [exthost] [warning] [Decorations] CAPPING events from decorations provider vscode.git 1818
[2021-04-21 07:45:47.730] [exthost] [warning] [Decorations] CAPPING events from decorations provider vscode.git 1818
[2021-04-21 07:45:53.312] [exthost] [warning] [Decorations] CAPPING events from decorations provider vscode.git 1818
[2021-04-21 07:45:58.673] [exthost] [warning] [Decorations] CAPPING events from decorations provider vscode.git 1818
[2021-04-21 07:46:05.081] [exthost] [warning] [Decorations] CAPPING events from decorations provider vscode.git 1818
[2021-04-21 07:46:10.482] [exthost] [warning] [Decorations] CAPPING events from decorations provider vscode.git 1818
[2021-04-21 07:46:16.049] [exthost] [warning] [Decorations] CAPPING events from decorations provider vscode.git 1818
[2021-04-21 07:49:57.322] [exthost] [warning] [Decorations] CAPPING events from decorations provider vscode.git 1823
[2021-04-21 07:50:04.627] [exthost] [warning] [Decorations] CAPPING events from decorations provider vscode.git 1823
[2021-04-21 07:50:12.999] [exthost] [warning] [Decorations] CAPPING events from decorations provider vscode.git 1823
[2021-04-21 07:50:33.019] [exthost] [warning] [Decorations] CAPPING events from decorations provider vscode.git 1823
[2021-04-21 07:53:54.805] [exthost] [warning] [Decorations] CAPPING events from decorations provider vscode.git 1823
[2021-04-21 09:34:25.955] [exthost] [warning] [Decorations] CAPPING events from decorations provider vscode.git 1823
[2021-04-21 09:34:31.331] [exthost] [warning] [Decorations] CAPPING events from decorations provider vscode.git 1823
[2021-04-21 09:34:36.698] [exthost] [warning] [Decorations] CAPPING events from decorations provider vscode.git 1823
[2021-04-21 09:34:55.619] [exthost] [warning] [Decorations] CAPPING events from decorations provider vscode.git 1823
[2021-04-21 09:35:07.585] [exthost] [warning] [Decorations] CAPPING events from decorations provider vscode.git 1823
[2021-04-21 09:36:25.017] [exthost] [warning] [Decorations] CAPPING events from decorations provider vscode.git 1823
[2021-04-21 09:36:30.415] [exthost] [warning] [Decorations] CAPPING events from decorations provider vscode.git 1823
[2021-04-21 09:36:35.876] [exthost] [warning] [Decorations] CAPPING events from decorations provider vscode.git 1823
[2021-04-21 09:36:41.529] [exthost] [warning] [Decorations] CAPPING events from decorations provider vscode.git 1823
[2021-04-21 09:37:00.507] [exthost] [warning] [Decorations] CAPPING events from decorations provider vscode.git 1823
[2021-04-21 09:37:16.558] [exthost] [warning] [Decorations] CAPPING events from decorations provider vscode.git 1823
[2021-04-21 09:37:22.051] [exthost] [warning] [Decorations] CAPPING events from decorations provider vscode.git 1823
[2021-04-21 09:37:27.403] [exthost] [warning] [Decorations] CAPPING events from decorations provider vscode.git 1823
[2021-04-21 12:54:01.014] [exthost] [info] extension host terminating: renderer disconnected for too long (1)
[2021-04-21 12:54:02.033] [exthost] [info] exiting with code 0
