[2021-04-22 06:47:24.692] [exthost] [info] extension host started
[2021-04-22 06:47:25.402] [exthost] [info] ExtensionService#_doActivateExtension vscode.debug-auto-launch {"startup":true,"extensionId":{"value":"vscode.debug-auto-launch","_lower":"vscode.debug-auto-launch"},"activationEvent":"*"}
[2021-04-22 06:47:25.402] [exthost] [info] ExtensionService#loadCommonJSModule file:///opt/odoo/.vscode-server/bin/3c4e3df9e89829dce27b7b5c24508306b151f30d/extensions/debug-auto-launch/dist/extension
[2021-04-22 06:47:25.408] [exthost] [info] ExtensionService#_doActivateExtension vscode.git {"startup":true,"extensionId":{"value":"vscode.github","_lower":"vscode.github"},"activationEvent":"*"}
[2021-04-22 06:47:25.408] [exthost] [info] ExtensionService#loadCommonJSModule file:///opt/odoo/.vscode-server/bin/3c4e3df9e89829dce27b7b5c24508306b151f30d/extensions/git/dist/main
[2021-04-22 06:47:25.473] [exthost] [info] ExtensionService#_doActivateExtension ecmel.vscode-html-css {"startup":true,"extensionId":{"value":"ecmel.vscode-html-css","_lower":"ecmel.vscode-html-css"},"activationEvent":"*"}
[2021-04-22 06:47:25.473] [exthost] [info] ExtensionService#loadCommonJSModule file:///opt/odoo/.vscode-server/extensions/ecmel.vscode-html-css-1.10.2/dist/extension.js
[2021-04-22 06:47:25.525] [exthost] [info] ExtensionService#_doActivateExtension jigar-patel.OdooSnippets {"startup":true,"extensionId":{"value":"jigar-patel.OdooSnippets","_lower":"jigar-patel.odoosnippets"},"activationEvent":"*"}
[2021-04-22 06:47:25.525] [exthost] [info] ExtensionService#loadCommonJSModule file:///opt/odoo/.vscode-server/extensions/jigar-patel.odoosnippets-1.2.0/extension.js
[2021-04-22 06:47:25.860] [exthost] [info] ExtensionService#_doActivateExtension vscode.github {"startup":true,"extensionId":{"value":"vscode.github","_lower":"vscode.github"},"activationEvent":"*"}
[2021-04-22 06:47:25.860] [exthost] [info] ExtensionService#loadCommonJSModule file:///opt/odoo/.vscode-server/bin/3c4e3df9e89829dce27b7b5c24508306b151f30d/extensions/github/dist/extension.js
[2021-04-22 06:47:26.137] [exthost] [info] ExtensionService#_doActivateExtension vscode.emmet {"startup":false,"extensionId":{"value":"vscode.emmet","_lower":"vscode.emmet"},"activationEvent":"onStartupFinished"}
[2021-04-22 06:47:26.137] [exthost] [info] ExtensionService#loadCommonJSModule file:///opt/odoo/.vscode-server/bin/3c4e3df9e89829dce27b7b5c24508306b151f30d/extensions/emmet/dist/node/emmetNodeMain
[2021-04-22 06:47:26.180] [exthost] [info] ExtensionService#_doActivateExtension vscode.merge-conflict {"startup":false,"extensionId":{"value":"vscode.merge-conflict","_lower":"vscode.merge-conflict"},"activationEvent":"onStartupFinished"}
[2021-04-22 06:47:26.185] [exthost] [info] ExtensionService#loadCommonJSModule file:///opt/odoo/.vscode-server/bin/3c4e3df9e89829dce27b7b5c24508306b151f30d/extensions/merge-conflict/dist/mergeConflictMain
[2021-04-22 06:47:26.194] [exthost] [info] ExtensionService#_doActivateExtension vscode.testing-editor-contributions {"startup":false,"extensionId":{"value":"vscode.testing-editor-contributions","_lower":"vscode.testing-editor-contributions"},"activationEvent":"onStartupFinished"}
[2021-04-22 06:47:26.195] [exthost] [info] ExtensionService#loadCommonJSModule file:///opt/odoo/.vscode-server/bin/3c4e3df9e89829dce27b7b5c24508306b151f30d/extensions/testing-editor-contributions/dist/extension.js
[2021-04-22 06:47:26.196] [exthost] [info] eager extensions activated
[2021-04-22 06:47:26.205] [exthost] [info] ExtensionService#_doActivateExtension ms-vscode.js-debug {"startup":false,"extensionId":{"value":"ms-vscode.js-debug","_lower":"ms-vscode.js-debug"},"activationEvent":"onCommand:extension.js-debug.clearAutoAttachVariables"}
[2021-04-22 06:47:26.205] [exthost] [info] ExtensionService#loadCommonJSModule file:///opt/odoo/.vscode-server/bin/3c4e3df9e89829dce27b7b5c24508306b151f30d/extensions/ms-vscode.js-debug/src/extension.js
[2021-04-22 06:47:27.152] [exthost] [warning] [Decorations] CAPPING events from decorations provider vscode.git 1854
[2021-04-22 06:50:14.942] [exthost] [warning] [Decorations] CAPPING events from decorations provider vscode.git 1854
[2021-04-22 06:50:20.345] [exthost] [warning] [Decorations] CAPPING events from decorations provider vscode.git 1854
[2021-04-22 06:50:36.410] [exthost] [warning] [Decorations] CAPPING events from decorations provider vscode.git 1854
[2021-04-22 06:50:43.412] [exthost] [warning] [Decorations] CAPPING events from decorations provider vscode.git 1854
[2021-04-22 06:50:50.312] [exthost] [warning] [Decorations] CAPPING events from decorations provider vscode.git 1854
[2021-04-22 06:50:55.709] [exthost] [warning] [Decorations] CAPPING events from decorations provider vscode.git 1854
[2021-04-22 06:53:53.223] [exthost] [warning] [Decorations] CAPPING events from decorations provider vscode.git 1854
[2021-04-22 06:53:58.921] [exthost] [warning] [Decorations] CAPPING events from decorations provider vscode.git 1854
[2021-04-22 06:54:04.327] [exthost] [warning] [Decorations] CAPPING events from decorations provider vscode.git 1854
[2021-04-22 06:54:11.131] [exthost] [warning] [Decorations] CAPPING events from decorations provider vscode.git 1854
[2021-04-22 06:54:16.647] [exthost] [warning] [Decorations] CAPPING events from decorations provider vscode.git 1854
[2021-04-22 06:54:34.067] [exthost] [warning] [Decorations] CAPPING events from decorations provider vscode.git 1854
[2021-04-22 06:54:56.522] [exthost] [warning] [Decorations] CAPPING events from decorations provider vscode.git 1854
[2021-04-22 06:55:01.942] [exthost] [warning] [Decorations] CAPPING events from decorations provider vscode.git 1854
[2021-04-22 06:55:07.404] [exthost] [warning] [Decorations] CAPPING events from decorations provider vscode.git 1854
[2021-04-22 06:55:12.778] [exthost] [warning] [Decorations] CAPPING events from decorations provider vscode.git 1854
[2021-04-22 06:55:18.309] [exthost] [warning] [Decorations] CAPPING events from decorations provider vscode.git 1854
[2021-04-22 06:55:23.818] [exthost] [warning] [Decorations] CAPPING events from decorations provider vscode.git 1854
[2021-04-22 06:55:31.529] [exthost] [warning] [Decorations] CAPPING events from decorations provider vscode.git 1854
[2021-04-22 06:55:36.889] [exthost] [warning] [Decorations] CAPPING events from decorations provider vscode.git 1854
[2021-04-22 06:55:42.418] [exthost] [warning] [Decorations] CAPPING events from decorations provider vscode.git 1854
[2021-04-22 06:55:47.813] [exthost] [warning] [Decorations] CAPPING events from decorations provider vscode.git 1854
[2021-04-22 06:55:54.142] [exthost] [warning] [Decorations] CAPPING events from decorations provider vscode.git 1854
[2021-04-22 06:55:59.630] [exthost] [warning] [Decorations] CAPPING events from decorations provider vscode.git 1854
[2021-04-22 06:56:10.562] [exthost] [warning] [Decorations] CAPPING events from decorations provider vscode.git 1854
[2021-04-22 06:56:16.004] [exthost] [warning] [Decorations] CAPPING events from decorations provider vscode.git 1854
[2021-04-22 06:56:21.437] [exthost] [warning] [Decorations] CAPPING events from decorations provider vscode.git 1854
[2021-04-22 06:56:26.866] [exthost] [warning] [Decorations] CAPPING events from decorations provider vscode.git 1854
[2021-04-22 06:56:32.295] [exthost] [warning] [Decorations] CAPPING events from decorations provider vscode.git 1854
[2021-04-22 06:56:37.749] [exthost] [warning] [Decorations] CAPPING events from decorations provider vscode.git 1854
[2021-04-22 06:56:43.270] [exthost] [warning] [Decorations] CAPPING events from decorations provider vscode.git 1854
[2021-04-22 06:56:48.682] [exthost] [warning] [Decorations] CAPPING events from decorations provider vscode.git 1854
[2021-04-22 06:56:57.787] [exthost] [warning] [Decorations] CAPPING events from decorations provider vscode.git 1854
[2021-04-22 06:57:03.693] [exthost] [warning] [Decorations] CAPPING events from decorations provider vscode.git 1854
[2021-04-22 06:57:09.086] [exthost] [warning] [Decorations] CAPPING events from decorations provider vscode.git 1854
[2021-04-22 06:57:22.203] [exthost] [warning] [Decorations] CAPPING events from decorations provider vscode.git 1854
[2021-04-22 06:57:27.620] [exthost] [warning] [Decorations] CAPPING events from decorations provider vscode.git 1854
[2021-04-22 06:57:33.108] [exthost] [warning] [Decorations] CAPPING events from decorations provider vscode.git 1854
[2021-04-22 06:57:38.540] [exthost] [warning] [Decorations] CAPPING events from decorations provider vscode.git 1854
[2021-04-22 06:57:43.915] [exthost] [warning] [Decorations] CAPPING events from decorations provider vscode.git 1854
[2021-04-22 06:57:49.522] [exthost] [warning] [Decorations] CAPPING events from decorations provider vscode.git 1854
[2021-04-22 06:57:54.928] [exthost] [warning] [Decorations] CAPPING events from decorations provider vscode.git 1854
[2021-04-22 06:58:00.538] [exthost] [warning] [Decorations] CAPPING events from decorations provider vscode.git 1854
[2021-04-22 06:58:05.906] [exthost] [warning] [Decorations] CAPPING events from decorations provider vscode.git 1854
[2021-04-22 06:58:11.554] [exthost] [warning] [Decorations] CAPPING events from decorations provider vscode.git 1854
[2021-04-22 06:58:16.960] [exthost] [warning] [Decorations] CAPPING events from decorations provider vscode.git 1854
[2021-04-22 06:58:22.470] [exthost] [warning] [Decorations] CAPPING events from decorations provider vscode.git 1854
[2021-04-22 06:58:28.004] [exthost] [warning] [Decorations] CAPPING events from decorations provider vscode.git 1854
[2021-04-22 06:58:33.424] [exthost] [warning] [Decorations] CAPPING events from decorations provider vscode.git 1854
[2021-04-22 06:58:38.788] [exthost] [warning] [Decorations] CAPPING events from decorations provider vscode.git 1854
[2021-04-22 06:58:44.394] [exthost] [warning] [Decorations] CAPPING events from decorations provider vscode.git 1854
[2021-04-22 06:58:49.908] [exthost] [warning] [Decorations] CAPPING events from decorations provider vscode.git 1854
[2021-04-22 06:58:55.309] [exthost] [warning] [Decorations] CAPPING events from decorations provider vscode.git 1854
[2021-04-22 06:59:00.681] [exthost] [warning] [Decorations] CAPPING events from decorations provider vscode.git 1854
[2021-04-22 06:59:06.120] [exthost] [warning] [Decorations] CAPPING events from decorations provider vscode.git 1854
[2021-04-22 06:59:11.547] [exthost] [warning] [Decorations] CAPPING events from decorations provider vscode.git 1854
[2021-04-22 06:59:17.217] [exthost] [warning] [Decorations] CAPPING events from decorations provider vscode.git 1854
[2021-04-22 06:59:22.644] [exthost] [warning] [Decorations] CAPPING events from decorations provider vscode.git 1854
[2021-04-22 06:59:28.263] [exthost] [warning] [Decorations] CAPPING events from decorations provider vscode.git 1854
[2021-04-22 06:59:33.703] [exthost] [warning] [Decorations] CAPPING events from decorations provider vscode.git 1854
[2021-04-22 06:59:45.522] [exthost] [warning] [Decorations] CAPPING events from decorations provider vscode.git 1854
[2021-04-22 06:59:51.167] [exthost] [warning] [Decorations] CAPPING events from decorations provider vscode.git 1854
[2021-04-22 06:59:58.402] [exthost] [warning] [Decorations] CAPPING events from decorations provider vscode.git 1854
[2021-04-22 07:00:03.784] [exthost] [warning] [Decorations] CAPPING events from decorations provider vscode.git 1854
[2021-04-22 07:00:09.363] [exthost] [warning] [Decorations] CAPPING events from decorations provider vscode.git 1854
[2021-04-22 07:01:15.507] [exthost] [warning] [Decorations] CAPPING events from decorations provider vscode.git 1854
[2021-04-22 07:01:34.071] [exthost] [warning] [Decorations] CAPPING events from decorations provider vscode.git 1855
[2021-04-22 07:02:24.282] [exthost] [warning] [Decorations] CAPPING events from decorations provider vscode.git 1855
[2021-04-22 07:02:30.577] [exthost] [warning] [Decorations] CAPPING events from decorations provider vscode.git 1855
[2021-04-22 07:02:36.208] [exthost] [warning] [Decorations] CAPPING events from decorations provider vscode.git 1855
[2021-04-22 07:02:41.791] [exthost] [warning] [Decorations] CAPPING events from decorations provider vscode.git 1855
[2021-04-22 07:02:47.210] [exthost] [warning] [Decorations] CAPPING events from decorations provider vscode.git 1855
[2021-04-22 07:03:36.534] [exthost] [warning] [Decorations] CAPPING events from decorations provider vscode.git 1855
[2021-04-22 07:03:54.023] [exthost] [warning] [Decorations] CAPPING events from decorations provider vscode.git 1855
[2021-04-22 07:04:00.533] [exthost] [warning] [Decorations] CAPPING events from decorations provider vscode.git 1855
[2021-04-22 07:04:07.174] [exthost] [warning] [Decorations] CAPPING events from decorations provider vscode.git 1855
[2021-04-22 07:04:12.584] [exthost] [warning] [Decorations] CAPPING events from decorations provider vscode.git 1855
[2021-04-22 07:04:19.736] [exthost] [warning] [Decorations] CAPPING events from decorations provider vscode.git 1855
[2021-04-22 07:04:25.304] [exthost] [warning] [Decorations] CAPPING events from decorations provider vscode.git 1855
[2021-04-22 07:04:30.890] [exthost] [warning] [Decorations] CAPPING events from decorations provider vscode.git 1855
[2021-04-22 07:04:36.253] [exthost] [warning] [Decorations] CAPPING events from decorations provider vscode.git 1855
[2021-04-22 07:04:42.053] [exthost] [warning] [Decorations] CAPPING events from decorations provider vscode.git 1855
[2021-04-22 07:05:03.507] [exthost] [warning] [Decorations] CAPPING events from decorations provider vscode.git 1855
[2021-04-22 07:05:09.041] [exthost] [warning] [Decorations] CAPPING events from decorations provider vscode.git 1855
[2021-04-22 07:05:16.812] [exthost] [warning] [Decorations] CAPPING events from decorations provider vscode.git 1855
[2021-04-22 07:05:22.237] [exthost] [warning] [Decorations] CAPPING events from decorations provider vscode.git 1855
[2021-04-22 07:05:27.593] [exthost] [warning] [Decorations] CAPPING events from decorations provider vscode.git 1855
[2021-04-22 07:05:33.040] [exthost] [warning] [Decorations] CAPPING events from decorations provider vscode.git 1855
[2021-04-22 07:05:38.425] [exthost] [warning] [Decorations] CAPPING events from decorations provider vscode.git 1855
[2021-04-22 07:05:43.954] [exthost] [warning] [Decorations] CAPPING events from decorations provider vscode.git 1855
[2021-04-22 07:05:49.471] [exthost] [warning] [Decorations] CAPPING events from decorations provider vscode.git 1855
[2021-04-22 07:05:57.789] [exthost] [warning] [Decorations] CAPPING events from decorations provider vscode.git 1855
[2021-04-22 07:06:06.495] [exthost] [warning] [Decorations] CAPPING events from decorations provider vscode.git 1855
[2021-04-22 07:06:11.982] [exthost] [warning] [Decorations] CAPPING events from decorations provider vscode.git 1855
[2021-04-22 07:06:17.477] [exthost] [warning] [Decorations] CAPPING events from decorations provider vscode.git 1855
[2021-04-22 07:06:23.062] [exthost] [warning] [Decorations] CAPPING events from decorations provider vscode.git 1855
[2021-04-22 07:06:30.022] [exthost] [warning] [Decorations] CAPPING events from decorations provider vscode.git 1855
[2021-04-22 07:06:43.807] [exthost] [warning] [Decorations] CAPPING events from decorations provider vscode.git 1855
[2021-04-22 07:06:50.744] [exthost] [warning] [Decorations] CAPPING events from decorations provider vscode.git 1855
[2021-04-22 07:06:57.700] [exthost] [warning] [Decorations] CAPPING events from decorations provider vscode.git 1855
[2021-04-22 07:07:03.161] [exthost] [warning] [Decorations] CAPPING events from decorations provider vscode.git 1855
[2021-04-22 07:07:08.679] [exthost] [warning] [Decorations] CAPPING events from decorations provider vscode.git 1855
[2021-04-22 07:07:23.952] [exthost] [warning] [Decorations] CAPPING events from decorations provider vscode.git 1855
[2021-04-22 07:07:29.554] [exthost] [warning] [Decorations] CAPPING events from decorations provider vscode.git 1855
[2021-04-22 07:07:34.998] [exthost] [warning] [Decorations] CAPPING events from decorations provider vscode.git 1855
[2021-04-22 07:07:52.954] [exthost] [warning] [Decorations] CAPPING events from decorations provider vscode.git 1855
[2021-04-22 07:08:14.976] [exthost] [warning] [Decorations] CAPPING events from decorations provider vscode.git 1855
[2021-04-22 07:08:20.345] [exthost] [warning] [Decorations] CAPPING events from decorations provider vscode.git 1855
[2021-04-22 07:08:28.462] [exthost] [warning] [Decorations] CAPPING events from decorations provider vscode.git 1855
[2021-04-22 07:08:34.056] [exthost] [warning] [Decorations] CAPPING events from decorations provider vscode.git 1855
[2021-04-22 07:08:39.483] [exthost] [warning] [Decorations] CAPPING events from decorations provider vscode.git 1855
[2021-04-22 07:08:44.847] [exthost] [warning] [Decorations] CAPPING events from decorations provider vscode.git 1855
[2021-04-22 07:08:50.484] [exthost] [warning] [Decorations] CAPPING events from decorations provider vscode.git 1855
[2021-04-22 07:08:58.214] [exthost] [warning] [Decorations] CAPPING events from decorations provider vscode.git 1855
[2021-04-22 07:09:03.803] [exthost] [warning] [Decorations] CAPPING events from decorations provider vscode.git 1855
[2021-04-22 07:09:09.229] [exthost] [warning] [Decorations] CAPPING events from decorations provider vscode.git 1855
[2021-04-22 07:09:14.578] [exthost] [warning] [Decorations] CAPPING events from decorations provider vscode.git 1855
[2021-04-22 07:09:20.101] [exthost] [warning] [Decorations] CAPPING events from decorations provider vscode.git 1855
[2021-04-22 07:09:25.481] [exthost] [warning] [Decorations] CAPPING events from decorations provider vscode.git 1855
[2021-04-22 07:09:30.890] [exthost] [warning] [Decorations] CAPPING events from decorations provider vscode.git 1855
[2021-04-22 07:09:36.333] [exthost] [warning] [Decorations] CAPPING events from decorations provider vscode.git 1855
[2021-04-22 07:09:42.138] [exthost] [warning] [Decorations] CAPPING events from decorations provider vscode.git 1855
[2021-04-22 07:09:47.727] [exthost] [warning] [Decorations] CAPPING events from decorations provider vscode.git 1855
[2021-04-22 07:09:53.206] [exthost] [warning] [Decorations] CAPPING events from decorations provider vscode.git 1855
[2021-04-22 07:09:58.670] [exthost] [warning] [Decorations] CAPPING events from decorations provider vscode.git 1855
[2021-04-22 07:10:07.146] [exthost] [warning] [Decorations] CAPPING events from decorations provider vscode.git 1855
[2021-04-22 07:10:12.631] [exthost] [warning] [Decorations] CAPPING events from decorations provider vscode.git 1855
[2021-04-22 07:11:37.090] [exthost] [warning] [Decorations] CAPPING events from decorations provider vscode.git 1855
[2021-04-22 07:14:26.740] [exthost] [warning] [Decorations] CAPPING events from decorations provider vscode.git 1855
[2021-04-22 07:14:32.283] [exthost] [warning] [Decorations] CAPPING events from decorations provider vscode.git 1855
[2021-04-22 07:14:37.698] [exthost] [warning] [Decorations] CAPPING events from decorations provider vscode.git 1855
[2021-04-22 07:14:43.217] [exthost] [warning] [Decorations] CAPPING events from decorations provider vscode.git 1855
[2021-04-22 07:14:48.988] [exthost] [warning] [Decorations] CAPPING events from decorations provider vscode.git 1855
[2021-04-22 07:14:54.394] [exthost] [warning] [Decorations] CAPPING events from decorations provider vscode.git 1855
[2021-04-22 07:14:59.835] [exthost] [warning] [Decorations] CAPPING events from decorations provider vscode.git 1855
[2021-04-22 07:15:05.265] [exthost] [warning] [Decorations] CAPPING events from decorations provider vscode.git 1855
[2021-04-22 07:16:10.688] [exthost] [warning] [Decorations] CAPPING events from decorations provider vscode.git 1855
[2021-04-22 07:16:16.060] [exthost] [warning] [Decorations] CAPPING events from decorations provider vscode.git 1855
[2021-04-22 07:16:26.167] [exthost] [warning] [Decorations] CAPPING events from decorations provider vscode.git 1855
[2021-04-22 07:19:59.345] [exthost] [warning] [Decorations] CAPPING events from decorations provider vscode.git 1855
[2021-04-22 07:24:22.094] [exthost] [warning] [Decorations] CAPPING events from decorations provider vscode.git 1857
[2021-04-22 07:24:27.505] [exthost] [warning] [Decorations] CAPPING events from decorations provider vscode.git 1857
[2021-04-22 07:24:33.041] [exthost] [warning] [Decorations] CAPPING events from decorations provider vscode.git 1857
[2021-04-22 07:27:48.543] [exthost] [warning] [Decorations] CAPPING events from decorations provider vscode.git 1857
[2021-04-22 07:28:17.323] [exthost] [warning] [Decorations] CAPPING events from decorations provider vscode.git 1857
[2021-04-22 07:28:22.755] [exthost] [warning] [Decorations] CAPPING events from decorations provider vscode.git 1857
[2021-04-22 07:28:36.831] [exthost] [warning] [Decorations] CAPPING events from decorations provider vscode.git 1857
[2021-04-22 07:28:42.420] [exthost] [warning] [Decorations] CAPPING events from decorations provider vscode.git 1857
[2021-04-22 07:29:19.638] [exthost] [warning] [Decorations] CAPPING events from decorations provider vscode.git 1857
[2021-04-22 07:29:25.001] [exthost] [warning] [Decorations] CAPPING events from decorations provider vscode.git 1857
[2021-04-22 07:29:30.610] [exthost] [warning] [Decorations] CAPPING events from decorations provider vscode.git 1857
[2021-04-22 07:31:26.888] [exthost] [warning] [Decorations] CAPPING events from decorations provider vscode.git 1857
[2021-04-22 07:32:27.081] [exthost] [warning] [Decorations] CAPPING events from decorations provider vscode.git 1857
[2021-04-22 07:33:11.147] [exthost] [warning] [Decorations] CAPPING events from decorations provider vscode.git 1857
[2021-04-22 07:34:03.283] [exthost] [warning] [Decorations] CAPPING events from decorations provider vscode.git 1857
[2021-04-22 09:27:11.485] [exthost] [warning] [Decorations] CAPPING events from decorations provider vscode.git 1857
[2021-04-22 09:27:16.883] [exthost] [warning] [Decorations] CAPPING events from decorations provider vscode.git 1856
[2021-04-22 09:27:22.255] [exthost] [warning] [Decorations] CAPPING events from decorations provider vscode.git 1856
[2021-04-22 09:56:09.123] [exthost] [warning] [Decorations] CAPPING events from decorations provider vscode.git 1856
[2021-04-22 09:56:16.905] [exthost] [warning] [Decorations] CAPPING events from decorations provider vscode.git 1856
[2021-04-22 10:01:13.335] [exthost] [warning] [Decorations] CAPPING events from decorations provider vscode.git 1856
[2021-04-22 10:01:19.455] [exthost] [warning] [Decorations] CAPPING events from decorations provider vscode.git 1856
[2021-04-22 10:01:26.737] [exthost] [warning] [Decorations] CAPPING events from decorations provider vscode.git 1856
[2021-04-22 10:01:32.135] [exthost] [warning] [Decorations] CAPPING events from decorations provider vscode.git 1856
[2021-04-22 10:01:37.579] [exthost] [warning] [Decorations] CAPPING events from decorations provider vscode.git 1856
[2021-04-22 10:01:42.986] [exthost] [warning] [Decorations] CAPPING events from decorations provider vscode.git 1856
[2021-04-22 10:01:48.366] [exthost] [warning] [Decorations] CAPPING events from decorations provider vscode.git 1856
[2021-04-22 10:01:55.642] [exthost] [warning] [Decorations] CAPPING events from decorations provider vscode.git 1856
[2021-04-22 10:02:01.038] [exthost] [warning] [Decorations] CAPPING events from decorations provider vscode.git 1856
[2021-04-22 10:07:57.290] [exthost] [warning] [Decorations] CAPPING events from decorations provider vscode.git 1856
[2021-04-22 10:08:02.731] [exthost] [warning] [Decorations] CAPPING events from decorations provider vscode.git 1856
[2021-04-22 10:08:08.232] [exthost] [warning] [Decorations] CAPPING events from decorations provider vscode.git 1856
[2021-04-22 10:08:13.607] [exthost] [warning] [Decorations] CAPPING events from decorations provider vscode.git 1856
[2021-04-22 10:08:19.036] [exthost] [warning] [Decorations] CAPPING events from decorations provider vscode.git 1856
[2021-04-22 10:08:24.482] [exthost] [warning] [Decorations] CAPPING events from decorations provider vscode.git 1856
[2021-04-22 10:08:30.022] [exthost] [warning] [Decorations] CAPPING events from decorations provider vscode.git 1856
[2021-04-22 10:08:37.421] [exthost] [warning] [Decorations] CAPPING events from decorations provider vscode.git 1856
[2021-04-22 10:08:42.821] [exthost] [warning] [Decorations] CAPPING events from decorations provider vscode.git 1856
[2021-04-22 10:08:48.592] [exthost] [warning] [Decorations] CAPPING events from decorations provider vscode.git 1856
[2021-04-22 10:09:10.308] [exthost] [warning] [Decorations] CAPPING events from decorations provider vscode.git 1856
[2021-04-22 10:09:15.705] [exthost] [warning] [Decorations] CAPPING events from decorations provider vscode.git 1856
[2021-04-22 10:09:21.199] [exthost] [warning] [Decorations] CAPPING events from decorations provider vscode.git 1856
[2021-04-22 10:09:27.053] [exthost] [warning] [Decorations] CAPPING events from decorations provider vscode.git 1856
[2021-04-22 10:09:32.595] [exthost] [warning] [Decorations] CAPPING events from decorations provider vscode.git 1856
[2021-04-22 10:09:38.033] [exthost] [warning] [Decorations] CAPPING events from decorations provider vscode.git 1856
[2021-04-22 10:09:43.435] [exthost] [warning] [Decorations] CAPPING events from decorations provider vscode.git 1856
[2021-04-22 10:09:48.825] [exthost] [warning] [Decorations] CAPPING events from decorations provider vscode.git 1856
[2021-04-22 10:10:14.849] [exthost] [warning] [Decorations] CAPPING events from decorations provider vscode.git 1856
[2021-04-22 10:10:20.376] [exthost] [warning] [Decorations] CAPPING events from decorations provider vscode.git 1856
[2021-04-22 10:11:44.730] [exthost] [warning] [Decorations] CAPPING events from decorations provider vscode.git 1856
[2021-04-22 10:11:57.242] [exthost] [warning] [Decorations] CAPPING events from decorations provider vscode.git 1856
[2021-04-22 10:12:02.710] [exthost] [warning] [Decorations] CAPPING events from decorations provider vscode.git 1856
[2021-04-22 10:12:13.277] [exthost] [warning] [Decorations] CAPPING events from decorations provider vscode.git 1856
[2021-04-22 10:12:18.655] [exthost] [warning] [Decorations] CAPPING events from decorations provider vscode.git 1856
[2021-04-22 10:12:24.064] [exthost] [warning] [Decorations] CAPPING events from decorations provider vscode.git 1856
[2021-04-22 10:12:29.614] [exthost] [warning] [Decorations] CAPPING events from decorations provider vscode.git 1856
[2021-04-22 10:12:35.079] [exthost] [warning] [Decorations] CAPPING events from decorations provider vscode.git 1856
[2021-04-22 10:12:40.471] [exthost] [warning] [Decorations] CAPPING events from decorations provider vscode.git 1856
[2021-04-22 10:12:46.861] [exthost] [warning] [Decorations] CAPPING events from decorations provider vscode.git 1856
[2021-04-22 10:12:55.051] [exthost] [warning] [Decorations] CAPPING events from decorations provider vscode.git 1856
[2021-04-22 10:14:19.737] [exthost] [warning] [Decorations] CAPPING events from decorations provider vscode.git 1856
[2021-04-22 10:14:25.175] [exthost] [warning] [Decorations] CAPPING events from decorations provider vscode.git 1856
[2021-04-22 10:14:30.754] [exthost] [warning] [Decorations] CAPPING events from decorations provider vscode.git 1856
[2021-04-22 10:14:36.298] [exthost] [warning] [Decorations] CAPPING events from decorations provider vscode.git 1856
[2021-04-22 10:14:41.786] [exthost] [warning] [Decorations] CAPPING events from decorations provider vscode.git 1856
[2021-04-22 10:14:47.376] [exthost] [warning] [Decorations] CAPPING events from decorations provider vscode.git 1856
[2021-04-22 10:14:52.883] [exthost] [warning] [Decorations] CAPPING events from decorations provider vscode.git 1856
[2021-04-22 10:14:58.457] [exthost] [warning] [Decorations] CAPPING events from decorations provider vscode.git 1856
[2021-04-22 10:15:03.969] [exthost] [warning] [Decorations] CAPPING events from decorations provider vscode.git 1856
[2021-04-22 10:15:13.000] [exthost] [warning] [Decorations] CAPPING events from decorations provider vscode.git 1856
[2021-04-22 10:15:29.563] [exthost] [warning] [Decorations] CAPPING events from decorations provider vscode.git 1856
[2021-04-22 10:15:35.035] [exthost] [warning] [Decorations] CAPPING events from decorations provider vscode.git 1856
[2021-04-22 10:15:40.411] [exthost] [warning] [Decorations] CAPPING events from decorations provider vscode.git 1856
[2021-04-22 10:15:46.071] [exthost] [warning] [Decorations] CAPPING events from decorations provider vscode.git 1856
[2021-04-22 10:16:57.830] [exthost] [warning] [Decorations] CAPPING events from decorations provider vscode.git 1856
[2021-04-22 10:17:16.276] [exthost] [warning] [Decorations] CAPPING events from decorations provider vscode.git 1856
[2021-04-22 10:17:23.656] [exthost] [warning] [Decorations] CAPPING events from decorations provider vscode.git 1856
[2021-04-22 10:20:40.057] [exthost] [warning] [Decorations] CAPPING events from decorations provider vscode.git 1856
[2021-04-22 10:20:47.052] [exthost] [warning] [Decorations] CAPPING events from decorations provider vscode.git 1856
[2021-04-22 10:21:33.414] [exthost] [warning] [Decorations] CAPPING events from decorations provider vscode.git 1860
[2021-04-22 10:25:11.073] [exthost] [warning] [Decorations] CAPPING events from decorations provider vscode.git 1860
[2021-04-22 10:25:16.494] [exthost] [warning] [Decorations] CAPPING events from decorations provider vscode.git 1860
[2021-04-22 10:28:54.502] [exthost] [warning] [Decorations] CAPPING events from decorations provider vscode.git 1860
[2021-04-22 10:29:06.150] [exthost] [warning] [Decorations] CAPPING events from decorations provider vscode.git 1860
[2021-04-22 10:32:15.050] [exthost] [warning] [Decorations] CAPPING events from decorations provider vscode.git 1860
[2021-04-22 10:32:26.937] [exthost] [warning] [Decorations] CAPPING events from decorations provider vscode.git 1860
[2021-04-22 10:32:32.523] [exthost] [warning] [Decorations] CAPPING events from decorations provider vscode.git 1860
[2021-04-22 10:32:37.976] [exthost] [warning] [Decorations] CAPPING events from decorations provider vscode.git 1860
[2021-04-22 10:32:43.374] [exthost] [warning] [Decorations] CAPPING events from decorations provider vscode.git 1860
[2021-04-22 10:32:48.777] [exthost] [warning] [Decorations] CAPPING events from decorations provider vscode.git 1860
[2021-04-22 10:34:35.009] [exthost] [warning] [Decorations] CAPPING events from decorations provider vscode.git 1860
[2021-04-22 10:35:56.951] [exthost] [warning] [Decorations] CAPPING events from decorations provider vscode.git 1860
[2021-04-22 10:36:49.335] [exthost] [warning] [Decorations] CAPPING events from decorations provider vscode.git 1860
[2021-04-22 10:36:54.813] [exthost] [warning] [Decorations] CAPPING events from decorations provider vscode.git 1860
[2021-04-22 10:37:02.462] [exthost] [warning] [Decorations] CAPPING events from decorations provider vscode.git 1860
[2021-04-22 10:37:11.291] [exthost] [warning] [Decorations] CAPPING events from decorations provider vscode.git 1860
[2021-04-22 10:37:16.725] [exthost] [warning] [Decorations] CAPPING events from decorations provider vscode.git 1860
[2021-04-22 10:38:46.953] [exthost] [warning] [Decorations] CAPPING events from decorations provider vscode.git 1860
[2021-04-22 10:38:52.423] [exthost] [warning] [Decorations] CAPPING events from decorations provider vscode.git 1860
[2021-04-22 10:38:58.700] [exthost] [warning] [Decorations] CAPPING events from decorations provider vscode.git 1860
[2021-04-22 10:41:38.644] [exthost] [warning] [Decorations] CAPPING events from decorations provider vscode.git 1860
[2021-04-22 10:41:44.278] [exthost] [warning] [Decorations] CAPPING events from decorations provider vscode.git 1860
[2021-04-22 10:41:51.413] [exthost] [warning] [Decorations] CAPPING events from decorations provider vscode.git 1860
[2021-04-22 10:44:24.330] [exthost] [warning] [Decorations] CAPPING events from decorations provider vscode.git 1860
[2021-04-22 10:44:29.925] [exthost] [warning] [Decorations] CAPPING events from decorations provider vscode.git 1860
[2021-04-22 10:44:35.967] [exthost] [warning] [Decorations] CAPPING events from decorations provider vscode.git 1860
[2021-04-22 10:44:41.359] [exthost] [warning] [Decorations] CAPPING events from decorations provider vscode.git 1860
[2021-04-22 10:45:45.042] [exthost] [warning] [Decorations] CAPPING events from decorations provider vscode.git 1860
[2021-04-22 10:53:24.446] [exthost] [warning] [Decorations] CAPPING events from decorations provider vscode.git 1860
[2021-04-22 10:53:29.854] [exthost] [warning] [Decorations] CAPPING events from decorations provider vscode.git 1860
[2021-04-22 10:53:35.398] [exthost] [warning] [Decorations] CAPPING events from decorations provider vscode.git 1860
[2021-04-22 10:53:41.006] [exthost] [warning] [Decorations] CAPPING events from decorations provider vscode.git 1860
[2021-04-22 10:56:39.061] [exthost] [warning] [Decorations] CAPPING events from decorations provider vscode.git 1860
[2021-04-22 10:56:44.586] [exthost] [warning] [Decorations] CAPPING events from decorations provider vscode.git 1860
[2021-04-22 11:02:01.864] [exthost] [warning] [Decorations] CAPPING events from decorations provider vscode.git 1860
[2021-04-22 11:09:12.134] [exthost] [info] extension host terminating: received terminate message from renderer
[2021-04-22 11:09:13.147] [exthost] [info] exiting with code 0
