[2021-04-28 07:02:51.802] [exthost] [info] extension host started
[2021-04-28 07:02:52.727] [exthost] [info] ExtensionService#_doActivateExtension vscode.debug-auto-launch {"startup":true,"extensionId":{"value":"vscode.debug-auto-launch","_lower":"vscode.debug-auto-launch"},"activationEvent":"*"}
[2021-04-28 07:02:52.728] [exthost] [info] ExtensionService#loadCommonJSModule file:///opt/odoo/.vscode-server/bin/3c4e3df9e89829dce27b7b5c24508306b151f30d/extensions/debug-auto-launch/dist/extension
[2021-04-28 07:02:52.737] [exthost] [info] ExtensionService#_doActivateExtension vscode.git {"startup":true,"extensionId":{"value":"vscode.github","_lower":"vscode.github"},"activationEvent":"*"}
[2021-04-28 07:02:52.737] [exthost] [info] ExtensionService#loadCommonJSModule file:///opt/odoo/.vscode-server/bin/3c4e3df9e89829dce27b7b5c24508306b151f30d/extensions/git/dist/main
[2021-04-28 07:02:52.834] [exthost] [info] ExtensionService#_doActivateExtension ecmel.vscode-html-css {"startup":true,"extensionId":{"value":"ecmel.vscode-html-css","_lower":"ecmel.vscode-html-css"},"activationEvent":"*"}
[2021-04-28 07:02:52.834] [exthost] [info] ExtensionService#loadCommonJSModule file:///opt/odoo/.vscode-server/extensions/ecmel.vscode-html-css-1.10.2/dist/extension.js
[2021-04-28 07:02:52.912] [exthost] [info] ExtensionService#_doActivateExtension jigar-patel.OdooSnippets {"startup":true,"extensionId":{"value":"jigar-patel.OdooSnippets","_lower":"jigar-patel.odoosnippets"},"activationEvent":"*"}
[2021-04-28 07:02:52.913] [exthost] [info] ExtensionService#loadCommonJSModule file:///opt/odoo/.vscode-server/extensions/jigar-patel.odoosnippets-1.2.0/extension.js
[2021-04-28 07:02:53.351] [exthost] [info] ExtensionService#_doActivateExtension vscode.github {"startup":true,"extensionId":{"value":"vscode.github","_lower":"vscode.github"},"activationEvent":"*"}
[2021-04-28 07:02:53.352] [exthost] [info] ExtensionService#loadCommonJSModule file:///opt/odoo/.vscode-server/bin/3c4e3df9e89829dce27b7b5c24508306b151f30d/extensions/github/dist/extension.js
[2021-04-28 07:02:53.594] [exthost] [info] ExtensionService#_doActivateExtension vscode.emmet {"startup":false,"extensionId":{"value":"vscode.emmet","_lower":"vscode.emmet"},"activationEvent":"onStartupFinished"}
[2021-04-28 07:02:53.599] [exthost] [info] ExtensionService#loadCommonJSModule file:///opt/odoo/.vscode-server/bin/3c4e3df9e89829dce27b7b5c24508306b151f30d/extensions/emmet/dist/node/emmetNodeMain
[2021-04-28 07:02:53.646] [exthost] [info] ExtensionService#_doActivateExtension vscode.merge-conflict {"startup":false,"extensionId":{"value":"vscode.merge-conflict","_lower":"vscode.merge-conflict"},"activationEvent":"onStartupFinished"}
[2021-04-28 07:02:53.646] [exthost] [info] ExtensionService#loadCommonJSModule file:///opt/odoo/.vscode-server/bin/3c4e3df9e89829dce27b7b5c24508306b151f30d/extensions/merge-conflict/dist/mergeConflictMain
[2021-04-28 07:02:53.656] [exthost] [info] ExtensionService#_doActivateExtension vscode.testing-editor-contributions {"startup":false,"extensionId":{"value":"vscode.testing-editor-contributions","_lower":"vscode.testing-editor-contributions"},"activationEvent":"onStartupFinished"}
[2021-04-28 07:02:53.661] [exthost] [info] ExtensionService#loadCommonJSModule file:///opt/odoo/.vscode-server/bin/3c4e3df9e89829dce27b7b5c24508306b151f30d/extensions/testing-editor-contributions/dist/extension.js
[2021-04-28 07:02:53.663] [exthost] [info] eager extensions activated
[2021-04-28 07:02:53.676] [exthost] [info] ExtensionService#_doActivateExtension ms-vscode.js-debug {"startup":false,"extensionId":{"value":"ms-vscode.js-debug","_lower":"ms-vscode.js-debug"},"activationEvent":"onCommand:extension.js-debug.clearAutoAttachVariables"}
[2021-04-28 07:02:53.677] [exthost] [info] ExtensionService#loadCommonJSModule file:///opt/odoo/.vscode-server/bin/3c4e3df9e89829dce27b7b5c24508306b151f30d/extensions/ms-vscode.js-debug/src/extension.js
[2021-04-28 09:51:28.531] [exthost] [info] ExtensionService#_doActivateExtension vscode.css-language-features {"startup":false,"extensionId":{"value":"vscode.css-language-features","_lower":"vscode.css-language-features"},"activationEvent":"onLanguage:css"}
[2021-04-28 09:51:28.531] [exthost] [info] ExtensionService#loadCommonJSModule file:///opt/odoo/.vscode-server/bin/3c4e3df9e89829dce27b7b5c24508306b151f30d/extensions/css-language-features/client/dist/node/cssClientMain
[2021-04-28 10:00:52.963] [exthost] [info] ExtensionService#_doActivateExtension vscode.html-language-features {"startup":false,"extensionId":{"value":"vscode.html-language-features","_lower":"vscode.html-language-features"},"activationEvent":"onLanguage:html"}
[2021-04-28 10:00:52.963] [exthost] [info] ExtensionService#loadCommonJSModule file:///opt/odoo/.vscode-server/bin/3c4e3df9e89829dce27b7b5c24508306b151f30d/extensions/html-language-features/client/dist/node/htmlClientMain
[2021-04-28 11:35:58.996] [exthost] [info] ExtensionService#_doActivateExtension SirTori.indenticator {"startup":false,"extensionId":{"value":"SirTori.indenticator","_lower":"sirtori.indenticator"},"activationEvent":"*"}
[2021-04-28 11:35:58.996] [exthost] [info] ExtensionService#loadCommonJSModule file:///opt/odoo/.vscode-server/extensions/sirtori.indenticator-0.7.0/out/src/extension
[2021-04-28 11:37:34.131] [exthost] [info] extension host terminating: received terminate message from renderer
[2021-04-28 11:37:35.148] [exthost] [info] exiting with code 0
