[2021-04-28 11:37:46.515] [exthost] [info] extension host started
[2021-04-28 11:37:47.227] [exthost] [info] ExtensionService#_doActivateExtension vscode.debug-auto-launch {"startup":true,"extensionId":{"value":"vscode.debug-auto-launch","_lower":"vscode.debug-auto-launch"},"activationEvent":"*"}
[2021-04-28 11:37:47.228] [exthost] [info] ExtensionService#loadCommonJSModule file:///opt/odoo/.vscode-server/bin/3c4e3df9e89829dce27b7b5c24508306b151f30d/extensions/debug-auto-launch/dist/extension
[2021-04-28 11:37:47.237] [exthost] [info] ExtensionService#_doActivateExtension vscode.git {"startup":true,"extensionId":{"value":"vscode.github","_lower":"vscode.github"},"activationEvent":"*"}
[2021-04-28 11:37:47.237] [exthost] [info] ExtensionService#loadCommonJSModule file:///opt/odoo/.vscode-server/bin/3c4e3df9e89829dce27b7b5c24508306b151f30d/extensions/git/dist/main
[2021-04-28 11:37:47.331] [exthost] [info] ExtensionService#_doActivateExtension ecmel.vscode-html-css {"startup":true,"extensionId":{"value":"ecmel.vscode-html-css","_lower":"ecmel.vscode-html-css"},"activationEvent":"*"}
[2021-04-28 11:37:47.331] [exthost] [info] ExtensionService#loadCommonJSModule file:///opt/odoo/.vscode-server/extensions/ecmel.vscode-html-css-1.10.2/dist/extension.js
[2021-04-28 11:37:47.405] [exthost] [info] ExtensionService#_doActivateExtension jigar-patel.OdooSnippets {"startup":true,"extensionId":{"value":"jigar-patel.OdooSnippets","_lower":"jigar-patel.odoosnippets"},"activationEvent":"*"}
[2021-04-28 11:37:47.405] [exthost] [info] ExtensionService#loadCommonJSModule file:///opt/odoo/.vscode-server/extensions/jigar-patel.odoosnippets-1.2.0/extension.js
[2021-04-28 11:37:47.673] [exthost] [info] ExtensionService#_doActivateExtension vscode.github {"startup":true,"extensionId":{"value":"vscode.github","_lower":"vscode.github"},"activationEvent":"*"}
[2021-04-28 11:37:47.674] [exthost] [info] ExtensionService#loadCommonJSModule file:///opt/odoo/.vscode-server/bin/3c4e3df9e89829dce27b7b5c24508306b151f30d/extensions/github/dist/extension.js
[2021-04-28 11:37:47.915] [exthost] [info] ExtensionService#_doActivateExtension vscode.emmet {"startup":false,"extensionId":{"value":"vscode.emmet","_lower":"vscode.emmet"},"activationEvent":"onStartupFinished"}
[2021-04-28 11:37:47.917] [exthost] [info] ExtensionService#loadCommonJSModule file:///opt/odoo/.vscode-server/bin/3c4e3df9e89829dce27b7b5c24508306b151f30d/extensions/emmet/dist/node/emmetNodeMain
[2021-04-28 11:37:47.960] [exthost] [info] ExtensionService#_doActivateExtension vscode.merge-conflict {"startup":false,"extensionId":{"value":"vscode.merge-conflict","_lower":"vscode.merge-conflict"},"activationEvent":"onStartupFinished"}
[2021-04-28 11:37:47.965] [exthost] [info] ExtensionService#loadCommonJSModule file:///opt/odoo/.vscode-server/bin/3c4e3df9e89829dce27b7b5c24508306b151f30d/extensions/merge-conflict/dist/mergeConflictMain
[2021-04-28 11:37:47.975] [exthost] [info] ExtensionService#_doActivateExtension vscode.testing-editor-contributions {"startup":false,"extensionId":{"value":"vscode.testing-editor-contributions","_lower":"vscode.testing-editor-contributions"},"activationEvent":"onStartupFinished"}
[2021-04-28 11:37:47.975] [exthost] [info] ExtensionService#loadCommonJSModule file:///opt/odoo/.vscode-server/bin/3c4e3df9e89829dce27b7b5c24508306b151f30d/extensions/testing-editor-contributions/dist/extension.js
[2021-04-28 11:37:47.976] [exthost] [info] eager extensions activated
[2021-04-28 11:37:47.983] [exthost] [info] ExtensionService#_doActivateExtension ms-vscode.js-debug {"startup":false,"extensionId":{"value":"ms-vscode.js-debug","_lower":"ms-vscode.js-debug"},"activationEvent":"onCommand:extension.js-debug.clearAutoAttachVariables"}
[2021-04-28 11:37:47.984] [exthost] [info] ExtensionService#loadCommonJSModule file:///opt/odoo/.vscode-server/bin/3c4e3df9e89829dce27b7b5c24508306b151f30d/extensions/ms-vscode.js-debug/src/extension.js
[2021-04-28 11:40:16.496] [exthost] [info] ExtensionService#_doActivateExtension vscode.configuration-editing {"startup":false,"extensionId":{"value":"vscode.configuration-editing","_lower":"vscode.configuration-editing"},"activationEvent":"onLanguage:jsonc"}
[2021-04-28 11:40:16.496] [exthost] [info] ExtensionService#loadCommonJSModule file:///opt/odoo/.vscode-server/bin/3c4e3df9e89829dce27b7b5c24508306b151f30d/extensions/configuration-editing/dist/configurationEditingMain
[2021-04-28 11:40:16.507] [exthost] [info] ExtensionService#_doActivateExtension vscode.json-language-features {"startup":false,"extensionId":{"value":"vscode.json-language-features","_lower":"vscode.json-language-features"},"activationEvent":"onLanguage:jsonc"}
[2021-04-28 11:40:16.507] [exthost] [info] ExtensionService#loadCommonJSModule file:///opt/odoo/.vscode-server/bin/3c4e3df9e89829dce27b7b5c24508306b151f30d/extensions/json-language-features/client/dist/node/jsonClientMain
[2021-04-28 11:40:16.573] [exthost] [info] ExtensionService#_doActivateExtension vscode.typescript-language-features {"startup":false,"extensionId":{"value":"vscode.typescript-language-features","_lower":"vscode.typescript-language-features"},"activationEvent":"onLanguage:jsonc"}
[2021-04-28 11:40:16.573] [exthost] [info] ExtensionService#loadCommonJSModule file:///opt/odoo/.vscode-server/bin/3c4e3df9e89829dce27b7b5c24508306b151f30d/extensions/typescript-language-features/dist/extension
[2021-04-28 11:40:48.216] [exthost] [info] ExtensionService#_doActivateExtension johnpapa.vscode-peacock {"startup":false,"extensionId":{"value":"johnpapa.vscode-peacock","_lower":"johnpapa.vscode-peacock"},"activationEvent":"*"}
[2021-04-28 11:40:48.216] [exthost] [info] ExtensionService#loadCommonJSModule file:///opt/odoo/.vscode-server/extensions/johnpapa.vscode-peacock-3.9.1/dist/extension
[2021-04-28 11:40:48.811] [exthost] [info] ExtensionService#_doActivateExtension mhutchie.git-graph {"startup":false,"extensionId":{"value":"mhutchie.git-graph","_lower":"mhutchie.git-graph"},"activationEvent":"*"}
[2021-04-28 11:40:48.811] [exthost] [info] ExtensionService#loadCommonJSModule file:///opt/odoo/.vscode-server/extensions/mhutchie.git-graph-1.30.0/out/extension.js
[2021-04-28 11:40:49.299] [exthost] [info] ExtensionService#_doActivateExtension GitHub.vscode-pull-request-github {"startup":false,"extensionId":{"value":"GitHub.vscode-pull-request-github","_lower":"github.vscode-pull-request-github"},"activationEvent":"*"}
[2021-04-28 11:40:49.299] [exthost] [info] ExtensionService#loadCommonJSModule file:///opt/odoo/.vscode-server/extensions/github.vscode-pull-request-github-0.25.1/dist/extension
[2021-04-28 11:40:51.233] [exthost] [info] ExtensionService#_doActivateExtension slevesque.vscode-multiclip {"startup":false,"extensionId":{"value":"slevesque.vscode-multiclip","_lower":"slevesque.vscode-multiclip"},"activationEvent":"*"}
[2021-04-28 11:40:51.233] [exthost] [info] ExtensionService#loadCommonJSModule file:///opt/odoo/.vscode-server/extensions/slevesque.vscode-multiclip-0.1.5/out/src/extension
[2021-04-28 11:40:51.792] [exthost] [info] ExtensionService#_doActivateExtension Atishay-Jain.All-Autocomplete {"startup":false,"extensionId":{"value":"Atishay-Jain.All-Autocomplete","_lower":"atishay-jain.all-autocomplete"},"activationEvent":"*"}
[2021-04-28 11:40:51.793] [exthost] [info] ExtensionService#loadCommonJSModule file:///opt/odoo/.vscode-server/extensions/atishay-jain.all-autocomplete-0.0.23/dist/extension
[2021-04-28 11:40:52.356] [exthost] [info] ExtensionService#_doActivateExtension Gruntfuggly.todo-tree {"startup":false,"extensionId":{"value":"Gruntfuggly.todo-tree","_lower":"gruntfuggly.todo-tree"},"activationEvent":"onStartupFinished"}
[2021-04-28 11:40:52.356] [exthost] [info] ExtensionService#loadCommonJSModule file:///opt/odoo/.vscode-server/extensions/gruntfuggly.todo-tree-0.0.213/dist/extension
[2021-04-28 11:40:52.803] [exthost] [info] ExtensionService#_doActivateExtension svipas.control-snippets {"startup":false,"extensionId":{"value":"svipas.control-snippets","_lower":"svipas.control-snippets"},"activationEvent":"*"}
[2021-04-28 11:40:52.804] [exthost] [info] ExtensionService#loadCommonJSModule file:///opt/odoo/.vscode-server/extensions/svipas.control-snippets-1.9.1/dist/main.js
[2021-04-28 11:40:53.403] [exthost] [info] ExtensionService#_doActivateExtension ctf0.macros {"startup":false,"extensionId":{"value":"ctf0.macros","_lower":"ctf0.macros"},"activationEvent":"*"}
[2021-04-28 11:40:53.403] [exthost] [info] ExtensionService#loadCommonJSModule file:///opt/odoo/.vscode-server/extensions/ctf0.macros-0.0.4/extension
[2021-04-28 11:40:53.663] [exthost] [info] ExtensionService#_doActivateExtension nhoizey.gremlins {"startup":false,"extensionId":{"value":"nhoizey.gremlins","_lower":"nhoizey.gremlins"},"activationEvent":"*"}
[2021-04-28 11:40:53.663] [exthost] [info] ExtensionService#loadCommonJSModule file:///opt/odoo/.vscode-server/extensions/nhoizey.gremlins-0.26.0/extension
[2021-04-28 11:40:54.095] [exthost] [info] ExtensionService#_doActivateExtension alefragnani.project-manager {"startup":false,"extensionId":{"value":"alefragnani.project-manager","_lower":"alefragnani.project-manager"},"activationEvent":"*"}
[2021-04-28 11:40:54.095] [exthost] [info] ExtensionService#loadCommonJSModule file:///opt/odoo/.vscode-server/extensions/alefragnani.project-manager-12.1.0/dist/extension
[2021-04-28 11:40:54.592] [exthost] [info] ExtensionService#_doActivateExtension iocave.monkey-patch {"startup":false,"extensionId":{"value":"iocave.monkey-patch","_lower":"iocave.monkey-patch"},"activationEvent":"*"}
[2021-04-28 11:40:54.592] [exthost] [info] ExtensionService#loadCommonJSModule file:///opt/odoo/.vscode-server/extensions/iocave.monkey-patch-0.1.13/out/extension.js
[2021-04-28 11:40:55.552] [exthost] [info] ExtensionService#_doActivateExtension hoovercj.vscode-settings-cycler {"startup":false,"extensionId":{"value":"hoovercj.vscode-settings-cycler","_lower":"hoovercj.vscode-settings-cycler"},"activationEvent":"*"}
[2021-04-28 11:40:55.552] [exthost] [info] ExtensionService#loadCommonJSModule file:///opt/odoo/.vscode-server/extensions/hoovercj.vscode-settings-cycler-1.0.1/out/src/extension
[2021-04-28 11:40:56.367] [exthost] [info] ExtensionService#_doActivateExtension xyz.local-history {"startup":false,"extensionId":{"value":"xyz.local-history","_lower":"xyz.local-history"},"activationEvent":"*"}
[2021-04-28 11:40:56.367] [exthost] [info] ExtensionService#loadCommonJSModule file:///opt/odoo/.vscode-server/extensions/xyz.local-history-1.8.1/out/src/extension
[2021-04-28 11:40:56.816] [exthost] [info] ExtensionService#_doActivateExtension karigari.chat {"startup":false,"extensionId":{"value":"karigari.chat","_lower":"karigari.chat"},"activationEvent":"*"}
[2021-04-28 11:40:56.816] [exthost] [info] ExtensionService#loadCommonJSModule file:///opt/odoo/.vscode-server/extensions/karigari.chat-0.35.0/out/extension
[2021-04-28 11:40:57.862] [exthost] [info] ExtensionService#_doActivateExtension RedVanWorkshop.explorer-exclude-vscode-extension {"startup":false,"extensionId":{"value":"RedVanWorkshop.explorer-exclude-vscode-extension","_lower":"redvanworkshop.explorer-exclude-vscode-extension"},"activationEvent":"*"}
[2021-04-28 11:40:57.862] [exthost] [info] ExtensionService#loadCommonJSModule file:///opt/odoo/.vscode-server/extensions/redvanworkshop.explorer-exclude-vscode-extension-1.2.0/extension
[2021-04-28 11:40:58.630] [exthost] [info] ExtensionService#_doActivateExtension stkb.rewrap {"startup":false,"extensionId":{"value":"stkb.rewrap","_lower":"stkb.rewrap"},"activationEvent":"*"}
[2021-04-28 11:40:58.630] [exthost] [info] ExtensionService#loadCommonJSModule file:///opt/odoo/.vscode-server/extensions/stkb.rewrap-1.14.0/vscode/compiled/Extension
[2021-04-28 11:40:59.773] [exthost] [info] ExtensionService#_doActivateExtension formulahendry.code-runner {"startup":false,"extensionId":{"value":"formulahendry.code-runner","_lower":"formulahendry.code-runner"},"activationEvent":"onStartupFinished"}
[2021-04-28 11:40:59.773] [exthost] [info] ExtensionService#loadCommonJSModule file:///opt/odoo/.vscode-server/extensions/formulahendry.code-runner-0.11.3/out/src/extension
[2021-04-28 11:41:00.417] [exthost] [info] ExtensionService#_doActivateExtension alefragnani.Bookmarks {"startup":false,"extensionId":{"value":"alefragnani.Bookmarks","_lower":"alefragnani.bookmarks"},"activationEvent":"onStartupFinished"}
[2021-04-28 11:41:00.417] [exthost] [info] ExtensionService#loadCommonJSModule file:///opt/odoo/.vscode-server/extensions/alefragnani.bookmarks-13.0.4/dist/extension
[2021-04-28 11:41:01.110] [exthost] [info] ExtensionService#_doActivateExtension metaseed.MetaWord {"startup":false,"extensionId":{"value":"metaseed.MetaWord","_lower":"metaseed.metaword"},"activationEvent":"*"}
[2021-04-28 11:41:01.110] [exthost] [info] ExtensionService#loadCommonJSModule file:///opt/odoo/.vscode-server/extensions/metaseed.metaword-1.2.1/dist/extension
[2021-04-28 11:41:04.499] [exthost] [info] ExtensionService#_doActivateExtension eamodio.gitlens {"startup":false,"extensionId":{"value":"eamodio.gitlens","_lower":"eamodio.gitlens"},"activationEvent":"onStartupFinished"}
[2021-04-28 11:41:04.499] [exthost] [info] ExtensionService#loadCommonJSModule file:///opt/odoo/.vscode-server/extensions/eamodio.gitlens-11.4.1/dist/gitlens
[2021-04-28 11:41:06.074] [exthost] [info] ExtensionService#_doActivateExtension VisualStudioExptTeam.vscodeintellicode {"startup":false,"extensionId":{"value":"VisualStudioExptTeam.vscodeintellicode","_lower":"visualstudioexptteam.vscodeintellicode"},"activationEvent":"onLanguage:python"}
[2021-04-28 11:41:06.075] [exthost] [info] ExtensionService#loadCommonJSModule file:///opt/odoo/.vscode-server/extensions/visualstudioexptteam.vscodeintellicode-1.2.12/dist/intellicode
[2021-04-28 11:41:06.669] [exthost] [info] ExtensionService#_doActivateExtension CodeStream.codestream {"startup":false,"extensionId":{"value":"CodeStream.codestream","_lower":"codestream.codestream"},"activationEvent":"onStartupFinished"}
[2021-04-28 11:41:06.669] [exthost] [info] ExtensionService#loadCommonJSModule file:///opt/odoo/.vscode-server/extensions/codestream.codestream-11.0.4/dist/extension
[2021-04-28 11:41:12.963] [exthost] [info] ExtensionService#_doActivateExtension metaseed.MetaJump {"startup":false,"extensionId":{"value":"metaseed.MetaJump","_lower":"metaseed.metajump"},"activationEvent":"*"}
[2021-04-28 11:41:12.965] [exthost] [info] ExtensionService#loadCommonJSModule file:///opt/odoo/.vscode-server/extensions/metaseed.metajump-1.1.1/dist/extension
[2021-04-28 11:41:16.782] [exthost] [info] ExtensionService#_doActivateExtension metaseed.metago {"startup":false,"extensionId":{"value":"metaseed.metago","_lower":"metaseed.metago"},"activationEvent":"*"}
[2021-04-28 11:41:16.785] [exthost] [info] ExtensionService#loadCommonJSModule file:///opt/odoo/.vscode-server/extensions/metaseed.metago-4.2.0/dist/extension
[2021-04-28 11:41:20.152] [exthost] [info] ExtensionService#_doActivateExtension ms-vsliveshare.vsliveshare {"startup":false,"extensionId":{"value":"ms-vsliveshare.vsliveshare","_lower":"ms-vsliveshare.vsliveshare"},"activationEvent":"*"}
[2021-04-28 11:41:20.152] [exthost] [info] ExtensionService#loadCommonJSModule file:///opt/odoo/.vscode-server/extensions/ms-vsliveshare.vsliveshare-1.0.4131/out/prod/extension-prod
[2021-04-28 11:41:20.890] [exthost] [warning] TextEditor is closed/disposed
[2021-04-28 11:41:24.505] [exthost] [info] ExtensionService#_doActivateExtension streetsidesoftware.code-spell-checker {"startup":false,"extensionId":{"value":"streetsidesoftware.code-spell-checker","_lower":"streetsidesoftware.code-spell-checker"},"activationEvent":"*"}
[2021-04-28 11:41:24.505] [exthost] [info] ExtensionService#loadCommonJSModule file:///opt/odoo/.vscode-server/extensions/streetsidesoftware.code-spell-checker-1.10.2/dist/extension.js
[2021-04-28 11:41:27.430] [exthost] [info] ExtensionService#_doActivateExtension vsls-contrib.gistfs {"startup":false,"extensionId":{"value":"vsls-contrib.gistfs","_lower":"vsls-contrib.gistfs"},"activationEvent":"*"}
[2021-04-28 11:41:27.430] [exthost] [info] ExtensionService#loadCommonJSModule file:///opt/odoo/.vscode-server/extensions/vsls-contrib.gistfs-0.2.8/out/prod/extension.js
[2021-04-28 11:41:34.499] [exthost] [warning] TextEditor is closed/disposed
[2021-04-28 11:42:25.966] [exthost] [warning] TextEditor is closed/disposed
[2021-04-28 11:43:05.265] [exthost] [info] extension host terminating: received terminate message from renderer
[2021-04-28 11:43:06.332] [exthost] [info] exiting with code 0
